#
# There is insufficient memory for the Java Runtime Environment to continue.
# Native memory allocation (malloc) failed to allocate 1048576 bytes for AllocateHeap
# Possible reasons:
#   The system is out of physical RAM or swap space
#   The process is running with CompressedOops enabled, and the Java Heap may be blocking the growth of the native heap
# Possible solutions:
#   Reduce memory load on the system
#   Increase physical memory or swap space
#   Check if swap backing store is full
#   Decrease Java heap size (-Xmx/-Xms)
#   Decrease number of Java threads
#   Decrease Java thread stack sizes (-Xss)
#   Set larger code cache with -XX:ReservedCodeCacheSize=
#   JVM is running with Unscaled Compressed Oops mode in which the Java heap is
#     placed in the first 4GB address space. The Java Heap base address is the
#     maximum limit for the native heap growth. Please use -XX:HeapBaseMinAddress
#     to set the Java Heap base and to place the Java Heap above 4GB virtual address.
# This output file may be truncated or incomplete.
#
#  Out of Memory Error (allocation.cpp:46), pid=1392, tid=3096
#
# JRE version: OpenJDK Runtime Environment Corretto-11.0.19.7.1 (11.0.19+7) (build 11.0.19+7-LTS)
# Java VM: OpenJDK 64-Bit Server VM Corretto-11.0.19.7.1 (11.0.19+7-LTS, mixed mode, tiered, compressed oops, g1 gc, windows-amd64)
# No core dump will be written. Minidumps are not enabled by default on client versions of Windows
#

---------------  S U M M A R Y ------------

Command Line: -XX:TieredStopAtLevel=1 -Xverify:none -Dspring.output.ansi.enabled=always -Dcom.sun.management.jmxremote -Dspring.jmx.enabled=true -Dspring.liveBeansView.mbeanDomain -Dspring.application.admin.enabled=true -Dmanagement.endpoints.jmx.exposure.include=* -javaagent:C:\Users\Nazar\AppData\Local\JetBrains\IntelliJ IDEA 2023.1.1\lib\idea_rt.jar=52921:C:\Users\Nazar\AppData\Local\JetBrains\IntelliJ IDEA 2023.1.1\bin -Dfile.encoding=UTF-8 greencity.UbsApplication

Host: Intel(R) Pentium(R) CPU G4600 @ 3.60GHz, 4 cores, 7G,  Windows 10 , 64 bit Build 19041 (10.0.19041.3031)
Time: Mon Nov 27 11:41:20 2023  Windows 10 , 64 bit Build 19041 (10.0.19041.3031) elapsed time: 16.817390 seconds (0d 0h 0m 16s)

---------------  T H R E A D  ---------------

Current thread (0x000002452c21d000):  VMThread "VM Thread" [stack: 0x0000009475b00000,0x0000009475c00000] [id=3096]

Stack: [0x0000009475b00000,0x0000009475c00000]
[error occurred during error reporting (printing stack bounds), id 0xc0000005, EXCEPTION_ACCESS_VIOLATION (0xc0000005) at pc=0x00000245161a113d]

Native frames: (J=compiled Java code, j=interpreted, Vv=VM code, C=native code)
V  [jvm.dll+0x6235aa]
V  [jvm.dll+0x7b0f89]
V  [jvm.dll+0x7b2678]
V  [jvm.dll+0x7b2cb5]
V  [jvm.dll+0x7b2c6b]
V  [jvm.dll+0x622937]
V  [jvm.dll+0x623048]
C  [ntdll.dll+0xa247f]
C  [ntdll.dll+0x514f4]
C  [ntdll.dll+0xa0f8e]
C  0x00000245161a113d

VM_Operation (0x00000094755fcec0): CollectForMetadataAllocation, mode: safepoint, requested by thread 0x000002450da41000


---------------  P R O C E S S  ---------------

Threads class SMR info:
_java_thread_list=0x0000024530361330, length=19, elements={
0x000002450da41000, 0x000002452c244800, 0x000002452c245800, 0x000002452cbb9800,
0x000002452cbbb000, 0x000002452cbbd800, 0x000002452cbc2000, 0x000002452c26c000,
0x000002452c1d7000, 0x000002452d61c000, 0x000002452deda800, 0x000002452e2e3000,
0x000002452e30f800, 0x000002452ec63800, 0x000002452eb1f000, 0x000002452ec4d800,
0x000002452fe39800, 0x000002452fe3a000, 0x0000024530239800
}

Java Threads: ( => current thread )
  0x000002450da41000 JavaThread "main" [_thread_blocked, id=5132, stack(0x0000009475500000,0x0000009475600000)]
  0x000002452c244800 JavaThread "Reference Handler" daemon [_thread_blocked, id=3324, stack(0x0000009475c00000,0x0000009475d00000)]
  0x000002452c245800 JavaThread "Finalizer" daemon [_thread_blocked, id=9472, stack(0x0000009475d00000,0x0000009475e00000)]
  0x000002452cbb9800 JavaThread "Signal Dispatcher" daemon [_thread_blocked, id=7996, stack(0x0000009475e00000,0x0000009475f00000)]
  0x000002452cbbb000 JavaThread "Attach Listener" daemon [_thread_blocked, id=10144, stack(0x0000009475f00000,0x0000009476000000)]
  0x000002452cbbd800 JavaThread "Service Thread" daemon [_thread_blocked, id=3476, stack(0x0000009476000000,0x0000009476100000)]
  0x000002452cbc2000 JavaThread "C1 CompilerThread0" daemon [_thread_blocked, id=4276, stack(0x0000009476100000,0x0000009476200000)]
  0x000002452c26c000 JavaThread "Sweeper thread" daemon [_thread_blocked, id=8152, stack(0x0000009476200000,0x0000009476300000)]
  0x000002452c1d7000 JavaThread "Common-Cleaner" daemon [_thread_blocked, id=5520, stack(0x0000009476300000,0x0000009476400000)]
  0x000002452d61c000 JavaThread "Monitor Ctrl-Break" daemon [_thread_in_native, id=5996, stack(0x0000009476400000,0x0000009476500000)]
  0x000002452deda800 JavaThread "RMI TCP Accept-0" daemon [_thread_in_native, id=9280, stack(0x0000009476700000,0x0000009476800000)]
  0x000002452e2e3000 JavaThread "RMI TCP Connection(1)-192.168.56.1" daemon [_thread_in_native, id=7740, stack(0x0000009476900000,0x0000009476a00000)]
  0x000002452e30f800 JavaThread "RMI Scheduler(0)" daemon [_thread_blocked, id=9900, stack(0x0000009476a00000,0x0000009476b00000)]
  0x000002452ec63800 JavaThread "Catalina-utility-1" [_thread_blocked, id=11000, stack(0x0000009476b00000,0x0000009476c00000)]
  0x000002452eb1f000 JavaThread "Catalina-utility-2" [_thread_blocked, id=4512, stack(0x0000009476d00000,0x0000009476e00000)]
  0x000002452ec4d800 JavaThread "container-0" [_thread_blocked, id=7712, stack(0x0000009476e00000,0x0000009476f00000)]
  0x000002452fe39800 JavaThread "PostgreSQL-JDBC-SharedTimer-1" daemon [_thread_blocked, id=5292, stack(0x0000009477000000,0x0000009477100000)]
  0x000002452fe3a000 JavaThread "HikariPool-1 housekeeper" daemon [_thread_blocked, id=7360, stack(0x0000009477100000,0x0000009477200000)]
  0x0000024530239800 JavaThread "HikariPool-1 connection adder" daemon [_thread_blocked, id=10336, stack(0x0000009477200000,0x0000009477300000)]

Other Threads:
=>0x000002452c21d000 VMThread "VM Thread" [stack: 0x0000009475b00000,0x0000009475c00000] [id=3096]
  0x000002452deb4800 WatcherThread [stack: 0x0000009476800000,0x0000009476900000] [id=11780]
  0x000002450da59800 GCTaskThread "GC Thread#0" [stack: 0x0000009475600000,0x0000009475700000] [id=212]
  0x000002452d6da800 GCTaskThread "GC Thread#1" [stack: 0x0000009476500000,0x0000009476600000] [id=2284]
  0x000002452d6fa000 GCTaskThread "GC Thread#2" [stack: 0x0000009476600000,0x0000009476700000] [id=10916]
  0x000002452e56e000 GCTaskThread "GC Thread#3" [stack: 0x0000009476c00000,0x0000009476d00000] [id=6448]
  0x000002450da8b000 ConcurrentGCThread "G1 Main Marker" [stack: 0x0000009475700000,0x0000009475800000] [id=2300]
  0x000002450da8c000 ConcurrentGCThread "G1 Conc#0" [stack: 0x0000009475800000,0x0000009475900000] [id=11580]
  0x000002450dafe000 ConcurrentGCThread "G1 Refine#0" [stack: 0x0000009475900000,0x0000009475a00000] [id=7628]
  0x000002452c08c800 ConcurrentGCThread "G1 Young RemSet Sampling" [stack: 0x0000009475a00000,0x0000009475b00000] [id=9852]

Threads with active compile tasks:

VM state:at safepoint (normal execution)

VM Mutex/Monitor currently owned by a thread:  ([mutex/lock_event])
[0x000002450da3e850] Threads_lock - owner thread: 0x000002452c21d000
[0x000002450da3e4f0] Heap_lock - owner thread: 0x000002450da41000

Heap address: 0x0000000080e00000, size: 2034 MB, Compressed Oops mode: 32-bit
Narrow klass base: 0x0000000000000000, Narrow klass shift: 3
Compressed class space size: 1073741824 Address: 0x0000000100000000

Heap:
 garbage-first heap   total 238592K, used 49339K [0x0000000080e00000, 0x0000000100000000)
  region size 1024K, 8 young (8192K), 7 survivors (7168K)
 Metaspace       used 58835K, capacity 60901K, committed 60952K, reserved 1103872K
  class space    used 7443K, capacity 8116K, committed 8140K, reserved 1048576K
Heap Regions: E=young(eden), S=young(survivor), O=old, HS=humongous(starts), HC=humongous(continues), CS=collection set, F=free, A=archive, TAMS=top-at-mark-start (previous, next)
|   0|0x0000000080e00000, 0x0000000080f00000, 0x0000000080f00000|100%|HS|  |TAMS 0x0000000080f00000, 0x0000000080f00000| Complete 
|   1|0x0000000080f00000, 0x0000000081000000, 0x0000000081000000|100%| O|  |TAMS 0x0000000081000000, 0x0000000081000000| Untracked 
|   2|0x0000000081000000, 0x0000000081100000, 0x0000000081100000|100%| O|  |TAMS 0x0000000081100000, 0x0000000081100000| Untracked 
|   3|0x0000000081100000, 0x0000000081200000, 0x0000000081200000|100%| O|  |TAMS 0x0000000081200000, 0x0000000081200000| Untracked 
|   4|0x0000000081200000, 0x0000000081300000, 0x0000000081300000|100%| O|  |TAMS 0x0000000081300000, 0x0000000081300000| Untracked 
|   5|0x0000000081300000, 0x0000000081400000, 0x0000000081400000|100%| O|  |TAMS 0x0000000081400000, 0x0000000081400000| Untracked 
|   6|0x0000000081400000, 0x0000000081500000, 0x0000000081500000|100%| O|  |TAMS 0x0000000081500000, 0x0000000081500000| Untracked 
|   7|0x0000000081500000, 0x0000000081600000, 0x0000000081600000|100%| O|  |TAMS 0x0000000081600000, 0x0000000081600000| Untracked 
|   8|0x0000000081600000, 0x0000000081700000, 0x0000000081700000|100%| O|  |TAMS 0x0000000081700000, 0x0000000081700000| Untracked 
|   9|0x0000000081700000, 0x0000000081800000, 0x0000000081800000|100%| O|  |TAMS 0x0000000081800000, 0x0000000081800000| Untracked 
|  10|0x0000000081800000, 0x0000000081900000, 0x0000000081900000|100%| O|  |TAMS 0x0000000081900000, 0x0000000081900000| Untracked 
|  11|0x0000000081900000, 0x0000000081a00000, 0x0000000081a00000|100%| O|  |TAMS 0x0000000081a00000, 0x0000000081a00000| Untracked 
|  12|0x0000000081a00000, 0x0000000081b00000, 0x0000000081b00000|100%| O|  |TAMS 0x0000000081b00000, 0x0000000081b00000| Untracked 
|  13|0x0000000081b00000, 0x0000000081c00000, 0x0000000081c00000|100%| O|  |TAMS 0x0000000081c00000, 0x0000000081c00000| Untracked 
|  14|0x0000000081c00000, 0x0000000081d00000, 0x0000000081d00000|100%| O|  |TAMS 0x0000000081d00000, 0x0000000081d00000| Untracked 
|  15|0x0000000081d00000, 0x0000000081e00000, 0x0000000081e00000|100%| O|  |TAMS 0x0000000081e00000, 0x0000000081e00000| Untracked 
|  16|0x0000000081e00000, 0x0000000081f00000, 0x0000000081f00000|100%| O|  |TAMS 0x0000000081f00000, 0x0000000081f00000| Untracked 
|  17|0x0000000081f00000, 0x0000000082000000, 0x0000000082000000|100%| O|  |TAMS 0x0000000082000000, 0x0000000082000000| Untracked 
|  18|0x0000000082000000, 0x0000000082100000, 0x0000000082100000|100%| O|  |TAMS 0x0000000082100000, 0x0000000082100000| Untracked 
|  19|0x0000000082100000, 0x0000000082200000, 0x0000000082200000|100%| O|  |TAMS 0x0000000082200000, 0x0000000082200000| Untracked 
|  20|0x0000000082200000, 0x0000000082300000, 0x0000000082300000|100%| O|  |TAMS 0x0000000082300000, 0x0000000082300000| Untracked 
|  21|0x0000000082300000, 0x0000000082400000, 0x0000000082400000|100%| O|  |TAMS 0x0000000082400000, 0x0000000082400000| Untracked 
|  22|0x0000000082400000, 0x0000000082500000, 0x0000000082500000|100%| O|  |TAMS 0x0000000082500000, 0x0000000082500000| Untracked 
|  23|0x0000000082500000, 0x0000000082600000, 0x0000000082600000|100%| O|  |TAMS 0x0000000082600000, 0x0000000082600000| Untracked 
|  24|0x0000000082600000, 0x0000000082700000, 0x0000000082700000|100%| O|  |TAMS 0x0000000082700000, 0x0000000082700000| Untracked 
|  25|0x0000000082700000, 0x0000000082800000, 0x0000000082800000|100%| O|  |TAMS 0x0000000082800000, 0x0000000082800000| Untracked 
|  26|0x0000000082800000, 0x0000000082900000, 0x0000000082900000|100%| O|  |TAMS 0x0000000082900000, 0x0000000082900000| Untracked 
|  27|0x0000000082900000, 0x0000000082a00000, 0x0000000082a00000|100%| O|  |TAMS 0x0000000082a00000, 0x0000000082a00000| Untracked 
|  28|0x0000000082a00000, 0x0000000082b00000, 0x0000000082b00000|100%| O|  |TAMS 0x0000000082b00000, 0x0000000082b00000| Untracked 
|  29|0x0000000082b00000, 0x0000000082c00000, 0x0000000082c00000|100%| O|  |TAMS 0x0000000082c00000, 0x0000000082c00000| Untracked 
|  30|0x0000000082c00000, 0x0000000082d00000, 0x0000000082d00000|100%| O|  |TAMS 0x0000000082cdbc00, 0x0000000082d00000| Untracked 
|  31|0x0000000082d00000, 0x0000000082e00000, 0x0000000082e00000|100%| O|  |TAMS 0x0000000082d00000, 0x0000000082e00000| Untracked 
|  32|0x0000000082e00000, 0x0000000082f00000, 0x0000000082f00000|100%| O|  |TAMS 0x0000000082e00000, 0x0000000082f00000| Untracked 
|  33|0x0000000082f00000, 0x0000000083000000, 0x0000000083000000|100%| O|  |TAMS 0x0000000082f00000, 0x0000000083000000| Untracked 
|  34|0x0000000083000000, 0x0000000083100000, 0x0000000083100000|100%| O|  |TAMS 0x0000000083000000, 0x0000000083100000| Untracked 
|  35|0x0000000083100000, 0x0000000083200000, 0x0000000083200000|100%| O|  |TAMS 0x0000000083100000, 0x0000000083200000| Untracked 
|  36|0x0000000083200000, 0x0000000083300000, 0x0000000083300000|100%| O|  |TAMS 0x0000000083200000, 0x0000000083300000| Untracked 
|  37|0x0000000083300000, 0x0000000083400000, 0x0000000083400000|100%| O|  |TAMS 0x0000000083300000, 0x0000000083400000| Untracked 
|  38|0x0000000083400000, 0x0000000083500000, 0x0000000083500000|100%| O|  |TAMS 0x0000000083400000, 0x0000000083500000| Untracked 
|  39|0x0000000083500000, 0x0000000083600000, 0x0000000083600000|100%| O|  |TAMS 0x0000000083500000, 0x0000000083600000| Untracked 
|  40|0x0000000083600000, 0x0000000083700000, 0x0000000083700000|100%| O|  |TAMS 0x0000000083600000, 0x0000000083700000| Untracked 
|  41|0x0000000083700000, 0x00000000837b5000, 0x0000000083800000| 70%| O|  |TAMS 0x0000000083700000, 0x00000000837b5000| Untracked 
|  42|0x0000000083800000, 0x0000000083800000, 0x0000000083900000|  0%| F|  |TAMS 0x0000000083800000, 0x0000000083800000| Untracked 
|  43|0x0000000083900000, 0x0000000083900000, 0x0000000083a00000|  0%| F|  |TAMS 0x0000000083900000, 0x0000000083900000| Untracked 
|  44|0x0000000083a00000, 0x0000000083a00000, 0x0000000083b00000|  0%| F|  |TAMS 0x0000000083a00000, 0x0000000083a00000| Untracked 
|  45|0x0000000083b00000, 0x0000000083b00000, 0x0000000083c00000|  0%| F|  |TAMS 0x0000000083b00000, 0x0000000083b00000| Untracked 
|  46|0x0000000083c00000, 0x0000000083c00000, 0x0000000083d00000|  0%| F|  |TAMS 0x0000000083c00000, 0x0000000083c00000| Untracked 
|  47|0x0000000083d00000, 0x0000000083d00000, 0x0000000083e00000|  0%| F|  |TAMS 0x0000000083d00000, 0x0000000083d00000| Untracked 
|  48|0x0000000083e00000, 0x0000000083e00000, 0x0000000083f00000|  0%| F|  |TAMS 0x0000000083e00000, 0x0000000083e00000| Untracked 
|  49|0x0000000083f00000, 0x0000000083f00000, 0x0000000084000000|  0%| F|  |TAMS 0x0000000083f00000, 0x0000000083f00000| Untracked 
|  50|0x0000000084000000, 0x0000000084000000, 0x0000000084100000|  0%| F|  |TAMS 0x0000000084000000, 0x0000000084000000| Untracked 
|  51|0x0000000084100000, 0x0000000084100000, 0x0000000084200000|  0%| F|  |TAMS 0x0000000084100000, 0x0000000084100000| Untracked 
|  52|0x0000000084200000, 0x0000000084200000, 0x0000000084300000|  0%| F|  |TAMS 0x0000000084200000, 0x0000000084200000| Untracked 
|  53|0x0000000084300000, 0x0000000084300000, 0x0000000084400000|  0%| F|  |TAMS 0x0000000084300000, 0x0000000084300000| Untracked 
|  54|0x0000000084400000, 0x0000000084400000, 0x0000000084500000|  0%| F|  |TAMS 0x0000000084400000, 0x0000000084400000| Untracked 
|  55|0x0000000084500000, 0x0000000084500000, 0x0000000084600000|  0%| F|  |TAMS 0x0000000084500000, 0x0000000084500000| Untracked 
|  56|0x0000000084600000, 0x0000000084600000, 0x0000000084700000|  0%| F|  |TAMS 0x0000000084600000, 0x0000000084600000| Untracked 
|  57|0x0000000084700000, 0x0000000084700000, 0x0000000084800000|  0%| F|  |TAMS 0x0000000084700000, 0x0000000084700000| Untracked 
|  58|0x0000000084800000, 0x0000000084800000, 0x0000000084900000|  0%| F|  |TAMS 0x0000000084800000, 0x0000000084800000| Untracked 
|  59|0x0000000084900000, 0x0000000084900000, 0x0000000084a00000|  0%| F|  |TAMS 0x0000000084900000, 0x0000000084900000| Untracked 
|  60|0x0000000084a00000, 0x0000000084a00000, 0x0000000084b00000|  0%| F|  |TAMS 0x0000000084a00000, 0x0000000084a00000| Untracked 
|  61|0x0000000084b00000, 0x0000000084b00000, 0x0000000084c00000|  0%| F|  |TAMS 0x0000000084b00000, 0x0000000084b00000| Untracked 
|  62|0x0000000084c00000, 0x0000000084c00000, 0x0000000084d00000|  0%| F|  |TAMS 0x0000000084c00000, 0x0000000084c00000| Untracked 
|  63|0x0000000084d00000, 0x0000000084d00000, 0x0000000084e00000|  0%| F|  |TAMS 0x0000000084d00000, 0x0000000084d00000| Untracked 
|  64|0x0000000084e00000, 0x0000000084e00000, 0x0000000084f00000|  0%| F|  |TAMS 0x0000000084e00000, 0x0000000084e00000| Untracked 
|  65|0x0000000084f00000, 0x0000000084f00000, 0x0000000085000000|  0%| F|  |TAMS 0x0000000084f00000, 0x0000000084f00000| Untracked 
|  66|0x0000000085000000, 0x0000000085000000, 0x0000000085100000|  0%| F|  |TAMS 0x0000000085000000, 0x0000000085000000| Untracked 
|  67|0x0000000085100000, 0x0000000085100000, 0x0000000085200000|  0%| F|  |TAMS 0x0000000085100000, 0x0000000085100000| Untracked 
|  68|0x0000000085200000, 0x0000000085200000, 0x0000000085300000|  0%| F|  |TAMS 0x0000000085200000, 0x0000000085200000| Untracked 
|  69|0x0000000085300000, 0x0000000085300000, 0x0000000085400000|  0%| F|  |TAMS 0x0000000085300000, 0x0000000085300000| Untracked 
|  70|0x0000000085400000, 0x0000000085400000, 0x0000000085500000|  0%| F|  |TAMS 0x0000000085400000, 0x0000000085400000| Untracked 
|  71|0x0000000085500000, 0x0000000085500000, 0x0000000085600000|  0%| F|  |TAMS 0x0000000085500000, 0x0000000085500000| Untracked 
|  72|0x0000000085600000, 0x0000000085600000, 0x0000000085700000|  0%| F|  |TAMS 0x0000000085600000, 0x0000000085600000| Untracked 
|  73|0x0000000085700000, 0x0000000085700000, 0x0000000085800000|  0%| F|  |TAMS 0x0000000085700000, 0x0000000085700000| Untracked 
|  74|0x0000000085800000, 0x0000000085800000, 0x0000000085900000|  0%| F|  |TAMS 0x0000000085800000, 0x0000000085800000| Untracked 
|  75|0x0000000085900000, 0x0000000085900000, 0x0000000085a00000|  0%| F|  |TAMS 0x0000000085900000, 0x0000000085900000| Untracked 
|  76|0x0000000085a00000, 0x0000000085a00000, 0x0000000085b00000|  0%| F|  |TAMS 0x0000000085a00000, 0x0000000085a00000| Untracked 
|  77|0x0000000085b00000, 0x0000000085b00000, 0x0000000085c00000|  0%| F|  |TAMS 0x0000000085b00000, 0x0000000085b00000| Untracked 
|  78|0x0000000085c00000, 0x0000000085c00000, 0x0000000085d00000|  0%| F|  |TAMS 0x0000000085c00000, 0x0000000085c00000| Untracked 
|  79|0x0000000085d00000, 0x0000000085d00000, 0x0000000085e00000|  0%| F|  |TAMS 0x0000000085d00000, 0x0000000085d00000| Untracked 
|  80|0x0000000085e00000, 0x0000000085e00000, 0x0000000085f00000|  0%| F|  |TAMS 0x0000000085e00000, 0x0000000085e00000| Untracked 
|  81|0x0000000085f00000, 0x0000000085f00000, 0x0000000086000000|  0%| F|  |TAMS 0x0000000085f00000, 0x0000000085f00000| Untracked 
|  82|0x0000000086000000, 0x0000000086000000, 0x0000000086100000|  0%| F|  |TAMS 0x0000000086000000, 0x0000000086000000| Untracked 
|  83|0x0000000086100000, 0x0000000086100000, 0x0000000086200000|  0%| F|  |TAMS 0x0000000086100000, 0x0000000086100000| Untracked 
|  84|0x0000000086200000, 0x0000000086200000, 0x0000000086300000|  0%| F|  |TAMS 0x0000000086200000, 0x0000000086200000| Untracked 
|  85|0x0000000086300000, 0x0000000086300000, 0x0000000086400000|  0%| F|  |TAMS 0x0000000086300000, 0x0000000086300000| Untracked 
|  86|0x0000000086400000, 0x0000000086400000, 0x0000000086500000|  0%| F|  |TAMS 0x0000000086400000, 0x0000000086400000| Untracked 
|  87|0x0000000086500000, 0x0000000086500000, 0x0000000086600000|  0%| F|  |TAMS 0x0000000086500000, 0x0000000086500000| Untracked 
|  88|0x0000000086600000, 0x0000000086600000, 0x0000000086700000|  0%| F|  |TAMS 0x0000000086600000, 0x0000000086600000| Untracked 
|  89|0x0000000086700000, 0x0000000086700000, 0x0000000086800000|  0%| F|  |TAMS 0x0000000086700000, 0x0000000086700000| Untracked 
|  90|0x0000000086800000, 0x0000000086800000, 0x0000000086900000|  0%| F|  |TAMS 0x0000000086800000, 0x0000000086800000| Untracked 
|  91|0x0000000086900000, 0x0000000086900000, 0x0000000086a00000|  0%| F|  |TAMS 0x0000000086900000, 0x0000000086900000| Untracked 
|  92|0x0000000086a00000, 0x0000000086a00000, 0x0000000086b00000|  0%| F|  |TAMS 0x0000000086a00000, 0x0000000086a00000| Untracked 
|  93|0x0000000086b00000, 0x0000000086b00000, 0x0000000086c00000|  0%| F|  |TAMS 0x0000000086b00000, 0x0000000086b00000| Untracked 
|  94|0x0000000086c00000, 0x0000000086c00000, 0x0000000086d00000|  0%| F|  |TAMS 0x0000000086c00000, 0x0000000086c00000| Untracked 
|  95|0x0000000086d00000, 0x0000000086d00000, 0x0000000086e00000|  0%| F|  |TAMS 0x0000000086d00000, 0x0000000086d00000| Untracked 
|  96|0x0000000086e00000, 0x0000000086e00000, 0x0000000086f00000|  0%| F|  |TAMS 0x0000000086e00000, 0x0000000086e00000| Untracked 
|  97|0x0000000086f00000, 0x0000000086f00000, 0x0000000087000000|  0%| F|  |TAMS 0x0000000086f00000, 0x0000000086f00000| Untracked 
|  98|0x0000000087000000, 0x0000000087000000, 0x0000000087100000|  0%| F|  |TAMS 0x0000000087000000, 0x0000000087000000| Untracked 
|  99|0x0000000087100000, 0x0000000087100000, 0x0000000087200000|  0%| F|  |TAMS 0x0000000087100000, 0x0000000087100000| Untracked 
| 100|0x0000000087200000, 0x0000000087200000, 0x0000000087300000|  0%| F|  |TAMS 0x0000000087200000, 0x0000000087200000| Untracked 
| 101|0x0000000087300000, 0x0000000087300000, 0x0000000087400000|  0%| F|  |TAMS 0x0000000087300000, 0x0000000087300000| Untracked 
| 102|0x0000000087400000, 0x0000000087400000, 0x0000000087500000|  0%| F|  |TAMS 0x0000000087400000, 0x0000000087400000| Untracked 
| 103|0x0000000087500000, 0x0000000087500000, 0x0000000087600000|  0%| F|  |TAMS 0x0000000087500000, 0x0000000087500000| Untracked 
| 104|0x0000000087600000, 0x0000000087600000, 0x0000000087700000|  0%| F|  |TAMS 0x0000000087600000, 0x0000000087600000| Untracked 
| 105|0x0000000087700000, 0x0000000087700000, 0x0000000087800000|  0%| F|  |TAMS 0x0000000087700000, 0x0000000087700000| Untracked 
| 106|0x0000000087800000, 0x0000000087800000, 0x0000000087900000|  0%| F|  |TAMS 0x0000000087800000, 0x0000000087800000| Untracked 
| 107|0x0000000087900000, 0x0000000087900000, 0x0000000087a00000|  0%| F|  |TAMS 0x0000000087900000, 0x0000000087900000| Untracked 
| 108|0x0000000087a00000, 0x0000000087a00000, 0x0000000087b00000|  0%| F|  |TAMS 0x0000000087a00000, 0x0000000087a00000| Untracked 
| 109|0x0000000087b00000, 0x0000000087b00000, 0x0000000087c00000|  0%| F|  |TAMS 0x0000000087b00000, 0x0000000087b00000| Untracked 
| 110|0x0000000087c00000, 0x0000000087c00000, 0x0000000087d00000|  0%| F|  |TAMS 0x0000000087c00000, 0x0000000087c00000| Untracked 
| 111|0x0000000087d00000, 0x0000000087d00000, 0x0000000087e00000|  0%| F|  |TAMS 0x0000000087d00000, 0x0000000087d00000| Untracked 
| 112|0x0000000087e00000, 0x0000000087e00000, 0x0000000087f00000|  0%| F|  |TAMS 0x0000000087e00000, 0x0000000087e00000| Untracked 
| 113|0x0000000087f00000, 0x0000000087f00000, 0x0000000088000000|  0%| F|  |TAMS 0x0000000087f00000, 0x0000000087f00000| Untracked 
| 114|0x0000000088000000, 0x0000000088000000, 0x0000000088100000|  0%| F|  |TAMS 0x0000000088000000, 0x0000000088000000| Untracked 
| 115|0x0000000088100000, 0x0000000088100000, 0x0000000088200000|  0%| F|  |TAMS 0x0000000088100000, 0x0000000088100000| Untracked 
| 116|0x0000000088200000, 0x0000000088200000, 0x0000000088300000|  0%| F|  |TAMS 0x0000000088200000, 0x0000000088200000| Untracked 
| 117|0x0000000088300000, 0x0000000088300000, 0x0000000088400000|  0%| F|  |TAMS 0x0000000088300000, 0x0000000088300000| Untracked 
| 118|0x0000000088400000, 0x0000000088400000, 0x0000000088500000|  0%| F|  |TAMS 0x0000000088400000, 0x0000000088400000| Untracked 
| 119|0x0000000088500000, 0x0000000088500000, 0x0000000088600000|  0%| F|  |TAMS 0x0000000088500000, 0x0000000088500000| Untracked 
| 120|0x0000000088600000, 0x0000000088600000, 0x0000000088700000|  0%| F|  |TAMS 0x0000000088600000, 0x0000000088600000| Untracked 
| 121|0x0000000088700000, 0x0000000088700000, 0x0000000088800000|  0%| F|  |TAMS 0x0000000088700000, 0x0000000088700000| Untracked 
| 122|0x0000000088800000, 0x0000000088800000, 0x0000000088900000|  0%| F|  |TAMS 0x0000000088800000, 0x0000000088800000| Untracked 
| 123|0x0000000088900000, 0x0000000088900000, 0x0000000088a00000|  0%| F|  |TAMS 0x0000000088900000, 0x0000000088900000| Untracked 
| 124|0x0000000088a00000, 0x0000000088a00000, 0x0000000088b00000|  0%| F|  |TAMS 0x0000000088a00000, 0x0000000088a00000| Untracked 
| 125|0x0000000088b00000, 0x0000000088b00000, 0x0000000088c00000|  0%| F|  |TAMS 0x0000000088b00000, 0x0000000088b00000| Untracked 
| 126|0x0000000088c00000, 0x0000000088c00000, 0x0000000088d00000|  0%| F|  |TAMS 0x0000000088c00000, 0x0000000088c00000| Untracked 
| 127|0x0000000088d00000, 0x0000000088d00000, 0x0000000088e00000|  0%| F|  |TAMS 0x0000000088d00000, 0x0000000088d00000| Untracked 
| 128|0x0000000088e00000, 0x0000000088e00000, 0x0000000088f00000|  0%| F|  |TAMS 0x0000000088e00000, 0x0000000088e00000| Untracked 
| 129|0x0000000088f00000, 0x0000000088f00000, 0x0000000089000000|  0%| F|  |TAMS 0x0000000088f00000, 0x0000000088f00000| Untracked 
| 130|0x0000000089000000, 0x0000000089000000, 0x0000000089100000|  0%| F|  |TAMS 0x0000000089000000, 0x0000000089000000| Untracked 
| 131|0x0000000089100000, 0x0000000089100000, 0x0000000089200000|  0%| F|  |TAMS 0x0000000089100000, 0x0000000089100000| Untracked 
| 132|0x0000000089200000, 0x0000000089200000, 0x0000000089300000|  0%| F|  |TAMS 0x0000000089200000, 0x0000000089200000| Untracked 
| 133|0x0000000089300000, 0x0000000089300000, 0x0000000089400000|  0%| F|  |TAMS 0x0000000089300000, 0x0000000089300000| Untracked 
| 134|0x0000000089400000, 0x0000000089400000, 0x0000000089500000|  0%| F|  |TAMS 0x0000000089400000, 0x0000000089400000| Untracked 
| 135|0x0000000089500000, 0x0000000089500000, 0x0000000089600000|  0%| F|  |TAMS 0x0000000089500000, 0x0000000089500000| Untracked 
| 136|0x0000000089600000, 0x0000000089600000, 0x0000000089700000|  0%| F|  |TAMS 0x0000000089600000, 0x0000000089600000| Untracked 
| 137|0x0000000089700000, 0x0000000089700000, 0x0000000089800000|  0%| F|  |TAMS 0x0000000089700000, 0x0000000089700000| Untracked 
| 138|0x0000000089800000, 0x0000000089800000, 0x0000000089900000|  0%| F|  |TAMS 0x0000000089800000, 0x0000000089800000| Untracked 
| 139|0x0000000089900000, 0x0000000089900000, 0x0000000089a00000|  0%| F|  |TAMS 0x0000000089900000, 0x0000000089900000| Untracked 
| 140|0x0000000089a00000, 0x0000000089a00000, 0x0000000089b00000|  0%| F|  |TAMS 0x0000000089a00000, 0x0000000089a00000| Untracked 
| 141|0x0000000089b00000, 0x0000000089b00000, 0x0000000089c00000|  0%| F|  |TAMS 0x0000000089b00000, 0x0000000089b00000| Untracked 
| 142|0x0000000089c00000, 0x0000000089c00000, 0x0000000089d00000|  0%| F|  |TAMS 0x0000000089c00000, 0x0000000089c00000| Untracked 
| 143|0x0000000089d00000, 0x0000000089d00000, 0x0000000089e00000|  0%| F|  |TAMS 0x0000000089d00000, 0x0000000089d00000| Untracked 
| 144|0x0000000089e00000, 0x0000000089e00000, 0x0000000089f00000|  0%| F|  |TAMS 0x0000000089e00000, 0x0000000089e00000| Untracked 
| 145|0x0000000089f00000, 0x0000000089f00000, 0x000000008a000000|  0%| F|  |TAMS 0x0000000089f00000, 0x0000000089f00000| Untracked 
| 146|0x000000008a000000, 0x000000008a000000, 0x000000008a100000|  0%| F|  |TAMS 0x000000008a000000, 0x000000008a000000| Untracked 
| 147|0x000000008a100000, 0x000000008a100000, 0x000000008a200000|  0%| F|  |TAMS 0x000000008a100000, 0x000000008a100000| Untracked 
| 148|0x000000008a200000, 0x000000008a200000, 0x000000008a300000|  0%| F|  |TAMS 0x000000008a200000, 0x000000008a200000| Untracked 
| 149|0x000000008a300000, 0x000000008a300000, 0x000000008a400000|  0%| F|  |TAMS 0x000000008a300000, 0x000000008a300000| Untracked 
| 150|0x000000008a400000, 0x000000008a400000, 0x000000008a500000|  0%| F|  |TAMS 0x000000008a400000, 0x000000008a400000| Untracked 
| 151|0x000000008a500000, 0x000000008a500000, 0x000000008a600000|  0%| F|  |TAMS 0x000000008a500000, 0x000000008a500000| Untracked 
| 152|0x000000008a600000, 0x000000008a600000, 0x000000008a700000|  0%| F|  |TAMS 0x000000008a600000, 0x000000008a600000| Untracked 
| 153|0x000000008a700000, 0x000000008a700000, 0x000000008a800000|  0%| F|  |TAMS 0x000000008a700000, 0x000000008a700000| Untracked 
| 154|0x000000008a800000, 0x000000008a800000, 0x000000008a900000|  0%| F|  |TAMS 0x000000008a800000, 0x000000008a800000| Untracked 
| 155|0x000000008a900000, 0x000000008a900000, 0x000000008aa00000|  0%| F|  |TAMS 0x000000008a900000, 0x000000008a900000| Untracked 
| 156|0x000000008aa00000, 0x000000008aa00000, 0x000000008ab00000|  0%| F|  |TAMS 0x000000008aa00000, 0x000000008aa00000| Untracked 
| 157|0x000000008ab00000, 0x000000008ab00000, 0x000000008ac00000|  0%| F|  |TAMS 0x000000008ab00000, 0x000000008ab00000| Untracked 
| 158|0x000000008ac00000, 0x000000008ac00000, 0x000000008ad00000|  0%| F|  |TAMS 0x000000008ac00000, 0x000000008ac00000| Untracked 
| 159|0x000000008ad00000, 0x000000008ad00000, 0x000000008ae00000|  0%| F|  |TAMS 0x000000008ad00000, 0x000000008ad00000| Untracked 
| 160|0x000000008ae00000, 0x000000008ae00000, 0x000000008af00000|  0%| F|  |TAMS 0x000000008ae00000, 0x000000008ae00000| Untracked 
| 161|0x000000008af00000, 0x000000008af00000, 0x000000008b000000|  0%| F|  |TAMS 0x000000008af00000, 0x000000008af00000| Untracked 
| 162|0x000000008b000000, 0x000000008b000000, 0x000000008b100000|  0%| F|  |TAMS 0x000000008b000000, 0x000000008b000000| Untracked 
| 163|0x000000008b100000, 0x000000008b100000, 0x000000008b200000|  0%| F|  |TAMS 0x000000008b100000, 0x000000008b100000| Untracked 
| 164|0x000000008b200000, 0x000000008b200000, 0x000000008b300000|  0%| F|  |TAMS 0x000000008b200000, 0x000000008b200000| Untracked 
| 165|0x000000008b300000, 0x000000008b300000, 0x000000008b400000|  0%| F|  |TAMS 0x000000008b300000, 0x000000008b300000| Untracked 
| 166|0x000000008b400000, 0x000000008b400000, 0x000000008b500000|  0%| F|  |TAMS 0x000000008b400000, 0x000000008b400000| Untracked 
| 167|0x000000008b500000, 0x000000008b500000, 0x000000008b600000|  0%| F|  |TAMS 0x000000008b500000, 0x000000008b500000| Untracked 
| 168|0x000000008b600000, 0x000000008b600000, 0x000000008b700000|  0%| F|  |TAMS 0x000000008b600000, 0x000000008b600000| Untracked 
| 169|0x000000008b700000, 0x000000008b700000, 0x000000008b800000|  0%| F|  |TAMS 0x000000008b700000, 0x000000008b700000| Untracked 
| 170|0x000000008b800000, 0x000000008b800000, 0x000000008b900000|  0%| F|  |TAMS 0x000000008b800000, 0x000000008b800000| Untracked 
| 171|0x000000008b900000, 0x000000008b900000, 0x000000008ba00000|  0%| F|  |TAMS 0x000000008b900000, 0x000000008b900000| Untracked 
| 172|0x000000008ba00000, 0x000000008ba00000, 0x000000008bb00000|  0%| F|  |TAMS 0x000000008ba00000, 0x000000008ba00000| Untracked 
| 173|0x000000008bb00000, 0x000000008bb00000, 0x000000008bc00000|  0%| F|  |TAMS 0x000000008bb00000, 0x000000008bb00000| Untracked 
| 174|0x000000008bc00000, 0x000000008bc00000, 0x000000008bd00000|  0%| F|  |TAMS 0x000000008bc00000, 0x000000008bc00000| Untracked 
| 175|0x000000008bd00000, 0x000000008bd00000, 0x000000008be00000|  0%| F|  |TAMS 0x000000008bd00000, 0x000000008bd00000| Untracked 
| 176|0x000000008be00000, 0x000000008be00000, 0x000000008bf00000|  0%| F|  |TAMS 0x000000008be00000, 0x000000008be00000| Untracked 
| 177|0x000000008bf00000, 0x000000008bf00000, 0x000000008c000000|  0%| F|  |TAMS 0x000000008bf00000, 0x000000008bf00000| Untracked 
| 178|0x000000008c000000, 0x000000008c000000, 0x000000008c100000|  0%| F|  |TAMS 0x000000008c000000, 0x000000008c000000| Untracked 
| 179|0x000000008c100000, 0x000000008c100000, 0x000000008c200000|  0%| F|  |TAMS 0x000000008c100000, 0x000000008c100000| Untracked 
| 180|0x000000008c200000, 0x000000008c200000, 0x000000008c300000|  0%| F|  |TAMS 0x000000008c200000, 0x000000008c200000| Untracked 
| 181|0x000000008c300000, 0x000000008c300000, 0x000000008c400000|  0%| F|  |TAMS 0x000000008c300000, 0x000000008c300000| Untracked 
| 182|0x000000008c400000, 0x000000008c400000, 0x000000008c500000|  0%| F|  |TAMS 0x000000008c400000, 0x000000008c400000| Untracked 
| 183|0x000000008c500000, 0x000000008c500000, 0x000000008c600000|  0%| F|  |TAMS 0x000000008c500000, 0x000000008c500000| Untracked 
| 184|0x000000008c600000, 0x000000008c600000, 0x000000008c700000|  0%| F|  |TAMS 0x000000008c600000, 0x000000008c600000| Untracked 
| 185|0x000000008c700000, 0x000000008c700000, 0x000000008c800000|  0%| F|  |TAMS 0x000000008c700000, 0x000000008c700000| Untracked 
| 186|0x000000008c800000, 0x000000008c800000, 0x000000008c900000|  0%| F|  |TAMS 0x000000008c800000, 0x000000008c800000| Untracked 
| 187|0x000000008c900000, 0x000000008c900000, 0x000000008ca00000|  0%| F|  |TAMS 0x000000008c900000, 0x000000008c900000| Untracked 
| 188|0x000000008ca00000, 0x000000008ca00000, 0x000000008cb00000|  0%| F|  |TAMS 0x000000008ca00000, 0x000000008ca00000| Untracked 
| 189|0x000000008cb00000, 0x000000008cb00000, 0x000000008cc00000|  0%| F|  |TAMS 0x000000008cb00000, 0x000000008cb00000| Untracked 
| 190|0x000000008cc00000, 0x000000008cc00000, 0x000000008cd00000|  0%| F|  |TAMS 0x000000008cc00000, 0x000000008cc00000| Untracked 
| 191|0x000000008cd00000, 0x000000008cd00000, 0x000000008ce00000|  0%| F|  |TAMS 0x000000008cd00000, 0x000000008cd00000| Untracked 
| 192|0x000000008ce00000, 0x000000008ce00000, 0x000000008cf00000|  0%| F|  |TAMS 0x000000008ce00000, 0x000000008ce00000| Untracked 
| 193|0x000000008cf00000, 0x000000008cf00000, 0x000000008d000000|  0%| F|  |TAMS 0x000000008cf00000, 0x000000008cf00000| Untracked 
| 194|0x000000008d000000, 0x000000008d000000, 0x000000008d100000|  0%| F|  |TAMS 0x000000008d000000, 0x000000008d000000| Untracked 
| 195|0x000000008d100000, 0x000000008d100000, 0x000000008d200000|  0%| F|  |TAMS 0x000000008d100000, 0x000000008d100000| Untracked 
| 196|0x000000008d200000, 0x000000008d200000, 0x000000008d300000|  0%| F|  |TAMS 0x000000008d200000, 0x000000008d200000| Untracked 
| 197|0x000000008d300000, 0x000000008d300000, 0x000000008d400000|  0%| F|  |TAMS 0x000000008d300000, 0x000000008d300000| Untracked 
| 198|0x000000008d400000, 0x000000008d400000, 0x000000008d500000|  0%| F|  |TAMS 0x000000008d400000, 0x000000008d400000| Untracked 
| 199|0x000000008d500000, 0x000000008d500000, 0x000000008d600000|  0%| F|  |TAMS 0x000000008d500000, 0x000000008d500000| Untracked 
| 200|0x000000008d600000, 0x000000008d600000, 0x000000008d700000|  0%| F|  |TAMS 0x000000008d600000, 0x000000008d600000| Untracked 
| 201|0x000000008d700000, 0x000000008d700000, 0x000000008d800000|  0%| F|  |TAMS 0x000000008d700000, 0x000000008d700000| Untracked 
| 202|0x000000008d800000, 0x000000008d800000, 0x000000008d900000|  0%| F|  |TAMS 0x000000008d800000, 0x000000008d800000| Untracked 
| 203|0x000000008d900000, 0x000000008d900000, 0x000000008da00000|  0%| F|  |TAMS 0x000000008d900000, 0x000000008d900000| Untracked 
| 204|0x000000008da00000, 0x000000008da00000, 0x000000008db00000|  0%| F|  |TAMS 0x000000008da00000, 0x000000008da00000| Untracked 
| 205|0x000000008db00000, 0x000000008db00000, 0x000000008dc00000|  0%| F|  |TAMS 0x000000008db00000, 0x000000008db00000| Untracked 
| 206|0x000000008dc00000, 0x000000008dc00000, 0x000000008dd00000|  0%| F|  |TAMS 0x000000008dc00000, 0x000000008dc00000| Untracked 
| 207|0x000000008dd00000, 0x000000008dd00000, 0x000000008de00000|  0%| F|  |TAMS 0x000000008dd00000, 0x000000008dd00000| Untracked 
| 208|0x000000008de00000, 0x000000008de00000, 0x000000008df00000|  0%| F|  |TAMS 0x000000008de00000, 0x000000008de00000| Untracked 
| 209|0x000000008df00000, 0x000000008df00000, 0x000000008e000000|  0%| F|  |TAMS 0x000000008df00000, 0x000000008df00000| Untracked 
| 210|0x000000008e000000, 0x000000008e000000, 0x000000008e100000|  0%| F|  |TAMS 0x000000008e000000, 0x000000008e000000| Untracked 
| 211|0x000000008e100000, 0x000000008e100000, 0x000000008e200000|  0%| F|  |TAMS 0x000000008e100000, 0x000000008e100000| Untracked 
| 212|0x000000008e200000, 0x000000008e200000, 0x000000008e300000|  0%| F|  |TAMS 0x000000008e200000, 0x000000008e200000| Untracked 
| 213|0x000000008e300000, 0x000000008e300000, 0x000000008e400000|  0%| F|  |TAMS 0x000000008e300000, 0x000000008e300000| Untracked 
| 214|0x000000008e400000, 0x000000008e400000, 0x000000008e500000|  0%| F|  |TAMS 0x000000008e400000, 0x000000008e400000| Untracked 
| 215|0x000000008e500000, 0x000000008e500000, 0x000000008e600000|  0%| F|  |TAMS 0x000000008e500000, 0x000000008e500000| Untracked 
| 216|0x000000008e600000, 0x000000008e600000, 0x000000008e700000|  0%| F|  |TAMS 0x000000008e600000, 0x000000008e600000| Untracked 
| 217|0x000000008e700000, 0x000000008e700000, 0x000000008e800000|  0%| F|  |TAMS 0x000000008e700000, 0x000000008e700000| Untracked 
| 218|0x000000008e800000, 0x000000008e800000, 0x000000008e900000|  0%| F|  |TAMS 0x000000008e800000, 0x000000008e800000| Untracked 
| 219|0x000000008e900000, 0x000000008e979d10, 0x000000008ea00000| 47%| S|CS|TAMS 0x000000008e900000, 0x000000008e900000| Complete 
| 220|0x000000008ea00000, 0x000000008eb00000, 0x000000008eb00000|100%| S|CS|TAMS 0x000000008ea00000, 0x000000008ea00000| Complete 
| 221|0x000000008eb00000, 0x000000008ec00000, 0x000000008ec00000|100%| S|CS|TAMS 0x000000008eb00000, 0x000000008eb00000| Complete 
| 222|0x000000008ec00000, 0x000000008ed00000, 0x000000008ed00000|100%| S|CS|TAMS 0x000000008ec00000, 0x000000008ec00000| Complete 
| 223|0x000000008ed00000, 0x000000008ee00000, 0x000000008ee00000|100%| S|CS|TAMS 0x000000008ed00000, 0x000000008ed00000| Complete 
| 224|0x000000008ee00000, 0x000000008ef00000, 0x000000008ef00000|100%| S|CS|TAMS 0x000000008ee00000, 0x000000008ee00000| Complete 
| 225|0x000000008ef00000, 0x000000008f000000, 0x000000008f000000|100%| S|CS|TAMS 0x000000008ef00000, 0x000000008ef00000| Complete 
| 226|0x000000008f000000, 0x000000008f000000, 0x000000008f100000|  0%| F|  |TAMS 0x000000008f000000, 0x000000008f000000| Untracked 
| 227|0x000000008f100000, 0x000000008f100000, 0x000000008f200000|  0%| F|  |TAMS 0x000000008f100000, 0x000000008f100000| Untracked 
| 228|0x000000008f200000, 0x000000008f200000, 0x000000008f300000|  0%| F|  |TAMS 0x000000008f200000, 0x000000008f200000| Untracked 
| 229|0x000000008f300000, 0x000000008f300000, 0x000000008f400000|  0%| F|  |TAMS 0x000000008f300000, 0x000000008f300000| Untracked 
| 230|0x000000008f400000, 0x000000008f400000, 0x000000008f500000|  0%| F|  |TAMS 0x000000008f400000, 0x000000008f400000| Untracked 
| 231|0x000000008f500000, 0x000000008f500000, 0x000000008f600000|  0%| F|  |TAMS 0x000000008f500000, 0x000000008f500000| Untracked 
| 232|0x000000008f600000, 0x000000008f680000, 0x000000008f700000| 50%| E|  |TAMS 0x000000008f600000, 0x000000008f600000| Complete 

Card table byte_map: [0x00000245255a0000,0x00000245259a0000] _byte_map_base: 0x0000024525199000

Marking Bits (Prev, Next): (CMBitMap*) 0x000002450da82038, (CMBitMap*) 0x000002450da82070
 Prev Bits: [0x0000024525da0000, 0x0000024527d68000)
 Next Bits: [0x0000024527d70000, 0x0000024529d38000)

Polling page: 0x000002450b9d0000

Metaspace:

Usage:
  Non-class:     51.55 MB capacity,    50.19 MB ( 97%) used,     1.16 MB (  2%) free+waste,   206.06 KB ( <1%) overhead. 
      Class:      7.93 MB capacity,     7.27 MB ( 92%) used,   574.03 KB (  7%) free+waste,    98.94 KB (  1%) overhead. 
       Both:     59.47 MB capacity,    57.46 MB ( 97%) used,     1.72 MB (  3%) free+waste,   305.00 KB ( <1%) overhead. 

Virtual space:
  Non-class space:       54.00 MB reserved,      51.57 MB ( 96%) committed 
      Class space:        1.00 GB reserved,       7.95 MB ( <1%) committed 
             Both:        1.05 GB reserved,      59.52 MB (  6%) committed 

Chunk freelists:
   Non-Class:  27.00 KB
       Class:  12.00 KB
        Both:  39.00 KB

MaxMetaspaceSize: 17179869184.00 GB
CompressedClassSpaceSize: 1.00 GB
Initial GC threshold: 20.80 MB
Current GC threshold: 59.85 MB
CDS: off

CodeHeap 'non-profiled nmethods': size=238912Kb used=11519Kb max_used=11519Kb free=227392Kb
 bounds [0x0000024516850000, 0x0000024517390000, 0x00000245251a0000]
CodeHeap 'non-nmethods': size=6848Kb used=1272Kb max_used=1272Kb free=5575Kb
 bounds [0x00000245161a0000, 0x0000024516410000, 0x0000024516850000]
 total_blobs=7582 nmethods=7013 adapters=497
 compilation: enabled
              stopped_count=0, restarted_count=0
 full_count=0

Compilation events (20 events):
Event: 16.743 Thread 0x000002452cbc2000 7005       1       liquibase.change.core.UpdateDataChange::generateStatements (379 bytes)
Event: 16.744 Thread 0x000002452cbc2000 nmethod 7005 0x000002451738c510 code [0x000002451738c860, 0x000002451738d498]
Event: 16.744 Thread 0x000002452cbc2000 7006       1       liquibase.statement.core.UpdateStatement::getTableName (5 bytes)
Event: 16.744 Thread 0x000002452cbc2000 nmethod 7006 0x000002451738db90 code [0x000002451738dd40, 0x000002451738ddf8]
Event: 16.744 Thread 0x000002452cbc2000 7007       1       liquibase.statement.core.UpdateStatement::getNewColumnValues (5 bytes)
Event: 16.744 Thread 0x000002452cbc2000 nmethod 7007 0x000002451738de90 code [0x000002451738e040, 0x000002451738e0f8]
Event: 16.745 Thread 0x000002452cbc2000 7008       1       liquibase.change.core.AbstractModifyDataChange::<init> (16 bytes)
Event: 16.745 Thread 0x000002452cbc2000 nmethod 7008 0x000002451738e190 code [0x000002451738e340, 0x000002451738e4f8]
Event: 16.746 Thread 0x000002452cbc2000 7009       1       liquibase.sqlgenerator.core.UpdateGenerator::validate (11 bytes)
Event: 16.746 Thread 0x000002452cbc2000 nmethod 7009 0x000002451738e590 code [0x000002451738e740, 0x000002451738e848]
Event: 16.746 Thread 0x000002452cbc2000 7010       1       liquibase.sqlgenerator.core.UpdateGenerator::validate (68 bytes)
Event: 16.746 Thread 0x000002452cbc2000 nmethod 7010 0x000002451738e910 code [0x000002451738eb20, 0x000002451738ef98]
Event: 16.782 Thread 0x000002452cbc2000 7011       1       java.util.ResourceBundle$KeyElementReference::<init> (12 bytes)
Event: 16.782 Thread 0x000002452cbc2000 nmethod 7011 0x000002451738f110 code [0x000002451738f2c0, 0x000002451738f498]
Event: 16.784 Thread 0x000002452cbc2000 7012       1       java.lang.Character::isJavaIdentifierStart (9 bytes)
Event: 16.784 Thread 0x000002452cbc2000 nmethod 7012 0x000002451738f510 code [0x000002451738f6c0, 0x000002451738f798]
Event: 16.784 Thread 0x000002452cbc2000 7013       1       java.lang.CharacterDataLatin1::isJavaIdentifierStart (23 bytes)
Event: 16.784 Thread 0x000002452cbc2000 nmethod 7013 0x000002451738f810 code [0x000002451738f9c0, 0x000002451738fad8]
Event: 16.796 Thread 0x000002452cbc2000 7014       1       com.sun.org.apache.xerces.internal.xni.QName::clear (21 bytes)
Event: 16.796 Thread 0x000002452cbc2000 nmethod 7014 0x000002451738fb90 code [0x000002451738fd40, 0x000002451738fe98]

GC Heap History (20 events):
Event: 2.626 GC heap before
{Heap before GC invocations=6 (full 0):
 garbage-first heap   total 131072K, used 61876K [0x0000000080e00000, 0x0000000100000000)
  region size 1024K, 47 young (48128K), 3 survivors (3072K)
 Metaspace       used 23779K, capacity 24435K, committed 24576K, reserved 1071104K
  class space    used 2706K, capacity 2975K, committed 3072K, reserved 1048576K
}
Event: 2.633 GC heap after
{Heap after GC invocations=7 (full 0):
 garbage-first heap   total 198656K, used 20480K [0x0000000080e00000, 0x0000000100000000)
  region size 1024K, 5 young (5120K), 5 survivors (5120K)
 Metaspace       used 23779K, capacity 24435K, committed 24576K, reserved 1071104K
  class space    used 2706K, capacity 2975K, committed 3072K, reserved 1048576K
}
Event: 6.081 GC heap before
{Heap before GC invocations=7 (full 0):
 garbage-first heap   total 198656K, used 119808K [0x0000000080e00000, 0x0000000100000000)
  region size 1024K, 103 young (105472K), 5 survivors (5120K)
 Metaspace       used 30791K, capacity 31696K, committed 32000K, reserved 1077248K
  class space    used 3670K, capacity 4014K, committed 4096K, reserved 1048576K
}
Event: 6.088 GC heap after
{Heap after GC invocations=8 (full 0):
 garbage-first heap   total 198656K, used 22528K [0x0000000080e00000, 0x0000000100000000)
  region size 1024K, 7 young (7168K), 7 survivors (7168K)
 Metaspace       used 30791K, capacity 31696K, committed 32000K, reserved 1077248K
  class space    used 3670K, capacity 4014K, committed 4096K, reserved 1048576K
}
Event: 7.258 GC heap before
{Heap before GC invocations=8 (full 0):
 garbage-first heap   total 198656K, used 133120K [0x0000000080e00000, 0x0000000100000000)
  region size 1024K, 116 young (118784K), 7 survivors (7168K)
 Metaspace       used 31468K, capacity 32435K, committed 32640K, reserved 1077248K
  class space    used 3809K, capacity 4163K, committed 4224K, reserved 1048576K
}
Event: 7.275 GC heap after
{Heap after GC invocations=9 (full 0):
 garbage-first heap   total 198656K, used 31805K [0x0000000080e00000, 0x0000000100000000)
  region size 1024K, 15 young (15360K), 15 survivors (15360K)
 Metaspace       used 31468K, capacity 32435K, committed 32640K, reserved 1077248K
  class space    used 3809K, capacity 4163K, committed 4224K, reserved 1048576K
}
Event: 7.889 GC heap before
{Heap before GC invocations=9 (full 0):
 garbage-first heap   total 198656K, used 114749K [0x0000000080e00000, 0x0000000100000000)
  region size 1024K, 97 young (99328K), 15 survivors (15360K)
 Metaspace       used 34820K, capacity 35796K, committed 35840K, reserved 1081344K
  class space    used 4218K, capacity 4592K, committed 4608K, reserved 1048576K
}
Event: 7.934 GC heap after
{Heap after GC invocations=10 (full 0):
 garbage-first heap   total 198656K, used 35695K [0x0000000080e00000, 0x0000000100000000)
  region size 1024K, 4 young (4096K), 4 survivors (4096K)
 Metaspace       used 34820K, capacity 35796K, committed 35840K, reserved 1081344K
  class space    used 4218K, capacity 4592K, committed 4608K, reserved 1048576K
}
Event: 8.773 GC heap before
{Heap before GC invocations=11 (full 0):
 garbage-first heap   total 198656K, used 135023K [0x0000000080e00000, 0x0000000100000000)
  region size 1024K, 101 young (103424K), 4 survivors (4096K)
 Metaspace       used 38779K, capacity 39929K, committed 40140K, reserved 1083392K
  class space    used 4730K, capacity 5195K, committed 5324K, reserved 1048576K
}
Event: 8.782 GC heap after
{Heap after GC invocations=12 (full 0):
 garbage-first heap   total 198656K, used 38767K [0x0000000080e00000, 0x0000000100000000)
  region size 1024K, 7 young (7168K), 7 survivors (7168K)
 Metaspace       used 38779K, capacity 39929K, committed 40140K, reserved 1083392K
  class space    used 4730K, capacity 5195K, committed 5324K, reserved 1048576K
}
Event: 10.006 GC heap before
{Heap before GC invocations=12 (full 0):
 garbage-first heap   total 198656K, used 140143K [0x0000000080e00000, 0x0000000100000000)
  region size 1024K, 106 young (108544K), 7 survivors (7168K)
 Metaspace       used 44270K, capacity 45620K, committed 45644K, reserved 1089536K
  class space    used 5421K, capacity 5944K, committed 5964K, reserved 1048576K
}
Event: 10.021 GC heap after
{Heap after GC invocations=13 (full 0):
 garbage-first heap   total 198656K, used 43188K [0x0000000080e00000, 0x0000000100000000)
  region size 1024K, 12 young (12288K), 12 survivors (12288K)
 Metaspace       used 44270K, capacity 45620K, committed 45644K, reserved 1089536K
  class space    used 5421K, capacity 5944K, committed 5964K, reserved 1048576K
}
Event: 12.040 GC heap before
{Heap before GC invocations=13 (full 0):
 garbage-first heap   total 198656K, used 143540K [0x0000000080e00000, 0x0000000100000000)
  region size 1024K, 111 young (113664K), 12 survivors (12288K)
 Metaspace       used 52884K, capacity 54323K, committed 54476K, reserved 1095680K
  class space    used 6690K, capacity 7243K, committed 7372K, reserved 1048576K
}
Event: 12.056 GC heap after
{Heap after GC invocations=14 (full 0):
 garbage-first heap   total 238592K, used 46509K [0x0000000080e00000, 0x0000000100000000)
  region size 1024K, 8 young (8192K), 8 survivors (8192K)
 Metaspace       used 52884K, capacity 54323K, committed 54476K, reserved 1095680K
  class space    used 6690K, capacity 7243K, committed 7372K, reserved 1048576K
}
Event: 15.093 GC heap before
{Heap before GC invocations=14 (full 0):
 garbage-first heap   total 238592K, used 166317K [0x0000000080e00000, 0x0000000100000000)
  region size 1024K, 125 young (128000K), 8 survivors (8192K)
 Metaspace       used 56784K, capacity 58433K, committed 58572K, reserved 1099776K
  class space    used 7215K, capacity 7787K, committed 7884K, reserved 1048576K
}
Event: 15.105 GC heap after
{Heap after GC invocations=15 (full 0):
 garbage-first heap   total 238592K, used 48330K [0x0000000080e00000, 0x0000000100000000)
  region size 1024K, 10 young (10240K), 10 survivors (10240K)
 Metaspace       used 56784K, capacity 58433K, committed 58572K, reserved 1099776K
  class space    used 7215K, capacity 7787K, committed 7884K, reserved 1048576K
}
Event: 16.708 GC heap before
{Heap before GC invocations=15 (full 0):
 garbage-first heap   total 238592K, used 180426K [0x0000000080e00000, 0x0000000100000000)
  region size 1024K, 139 young (142336K), 10 survivors (10240K)
 Metaspace       used 57701K, capacity 59773K, committed 59980K, reserved 1101824K
  class space    used 7326K, capacity 8005K, committed 8012K, reserved 1048576K
}
Event: 16.717 GC heap after
{Heap after GC invocations=16 (full 0):
 garbage-first heap   total 238592K, used 48987K [0x0000000080e00000, 0x0000000100000000)
  region size 1024K, 11 young (11264K), 11 survivors (11264K)
 Metaspace       used 57701K, capacity 59773K, committed 59980K, reserved 1101824K
  class space    used 7326K, capacity 8005K, committed 8012K, reserved 1048576K
}
Event: 16.760 GC heap before
{Heap before GC invocations=16 (full 0):
 garbage-first heap   total 238592K, used 55131K [0x0000000080e00000, 0x0000000100000000)
  region size 1024K, 18 young (18432K), 11 survivors (11264K)
 Metaspace       used 58054K, capacity 60121K, committed 60288K, reserved 1101824K
  class space    used 7370K, capacity 8048K, committed 8140K, reserved 1048576K
}
Event: 16.773 GC heap after
{Heap after GC invocations=17 (full 0):
 garbage-first heap   total 238592K, used 49339K [0x0000000080e00000, 0x0000000100000000)
  region size 1024K, 7 young (7168K), 7 survivors (7168K)
 Metaspace       used 58054K, capacity 60121K, committed 60288K, reserved 1101824K
  class space    used 7370K, capacity 8048K, committed 8140K, reserved 1048576K
}

Deoptimization events (6 events):
Event: 7.591 Thread 0x000002450da41000 DEOPT PACKING pc=0x0000024516e2c614 sp=0x00000094755fe280
Event: 7.591 Thread 0x000002450da41000 DEOPT UNPACKING pc=0x00000245161ea93f sp=0x00000094755fd768 mode 0
Event: 7.845 Thread 0x000002450da41000 DEOPT PACKING pc=0x00000245168c8b8c sp=0x00000094755fe4f0
Event: 7.845 Thread 0x000002450da41000 DEOPT UNPACKING pc=0x00000245161ea93f sp=0x00000094755fd9b8 mode 0
Event: 8.234 Thread 0x000002450da41000 DEOPT PACKING pc=0x0000024516ce5ddc sp=0x00000094755fd9e0
Event: 8.234 Thread 0x000002450da41000 DEOPT UNPACKING pc=0x00000245161ea93f sp=0x00000094755fcee8 mode 0

Classes redefined (0 events):
No events

Internal exceptions (20 events):
Event: 16.476 Thread 0x000002450da41000 Exception <a 'java/lang/ClassNotFoundException'{0x0000000088cc51e8}: com/datical/liquibase/ext/storedlogic/checkconstraint/change/DropCheckConstraintChangeCustomizer> (0x0000000088cc51e8) thrown at [s\src\hotspot\share\classfile\systemDictionary.cpp, line 230]
Event: 16.517 Thread 0x000002450da41000 Exception <a 'java/lang/ClassNotFoundException'{0x0000000088940168}: liquibase/change/core/DropTableChangeBeanInfo> (0x0000000088940168) thrown at [s\src\hotspot\share\classfile\systemDictionary.cpp, line 230]
Event: 16.518 Thread 0x000002450da41000 Exception <a 'java/lang/ClassNotFoundException'{0x0000000088957350}: liquibase/change/core/DropTableChangeCustomizer> (0x0000000088957350) thrown at [s\src\hotspot\share\classfile\systemDictionary.cpp, line 230]
Event: 16.532 Thread 0x000002450da41000 Exception <a 'java/lang/ClassNotFoundException'{0x000000008871df28}: liquibase/change/core/EmptyChangeBeanInfo> (0x000000008871df28) thrown at [s\src\hotspot\share\classfile\systemDictionary.cpp, line 230]
Event: 16.532 Thread 0x000002450da41000 Exception <a 'java/lang/ClassNotFoundException'{0x0000000088734e40}: liquibase/change/core/EmptyChangeCustomizer> (0x0000000088734e40) thrown at [s\src\hotspot\share\classfile\systemDictionary.cpp, line 230]
Event: 16.533 Thread 0x000002450da41000 Exception <a 'java/lang/ClassNotFoundException'{0x00000000887554d8}: liquibase/change/core/AddDefaultValueChangeBeanInfo> (0x00000000887554d8) thrown at [s\src\hotspot\share\classfile\systemDictionary.cpp, line 230]
Event: 16.534 Thread 0x000002450da41000 Exception <a 'java/lang/ClassNotFoundException'{0x000000008876e208}: liquibase/change/core/AddDefaultValueChangeCustomizer> (0x000000008876e208) thrown at [s\src\hotspot\share\classfile\systemDictionary.cpp, line 230]
Event: 16.573 Thread 0x000002450da41000 Exception <a 'java/lang/ClassNotFoundException'{0x000000008828d560}: liquibase/change/core/MergeColumnChangeBeanInfo> (0x000000008828d560) thrown at [s\src\hotspot\share\classfile\systemDictionary.cpp, line 230]
Event: 16.574 Thread 0x000002450da41000 Exception <a 'java/lang/ClassNotFoundException'{0x00000000882a4820}: liquibase/change/core/MergeColumnChangeCustomizer> (0x00000000882a4820) thrown at [s\src\hotspot\share\classfile\systemDictionary.cpp, line 230]
Event: 16.603 Thread 0x000002450da41000 Exception <a 'java/lang/ClassNotFoundException'{0x000000008716c940}: com/datical/liquibase/ext/appdba/synonym/change/DropSynonymChangeBeanInfo> (0x000000008716c940) thrown at [s\src\hotspot\share\classfile\systemDictionary.cpp, line 230]
Event: 16.605 Thread 0x000002450da41000 Exception <a 'java/lang/ClassNotFoundException'{0x000000008718b378}: com/datical/liquibase/ext/appdba/synonym/change/DropSynonymChangeCustomizer> (0x000000008718b378) thrown at [s\src\hotspot\share\classfile\systemDictionary.cpp, line 230]
Event: 16.679 Thread 0x000002450da41000 Exception <a 'java/lang/ClassNotFoundException'{0x0000000086ea3078}: liquibase/change/core/TagDatabaseChangeBeanInfo> (0x0000000086ea3078) thrown at [s\src\hotspot\share\classfile\systemDictionary.cpp, line 230]
Event: 16.680 Thread 0x000002450da41000 Exception <a 'java/lang/ClassNotFoundException'{0x0000000086eba338}: liquibase/change/core/TagDatabaseChangeCustomizer> (0x0000000086eba338) thrown at [s\src\hotspot\share\classfile\systemDictionary.cpp, line 230]
Event: 16.684 Thread 0x000002450da41000 Exception <a 'java/lang/ClassNotFoundException'{0x0000000086d11ea8}: liquibase/change/core/CreateViewChangeBeanInfo> (0x0000000086d11ea8) thrown at [s\src\hotspot\share\classfile\systemDictionary.cpp, line 230]
Event: 16.685 Thread 0x000002450da41000 Exception <a 'java/lang/ClassNotFoundException'{0x0000000086d290b0}: liquibase/change/core/CreateViewChangeCustomizer> (0x0000000086d290b0) thrown at [s\src\hotspot\share\classfile\systemDictionary.cpp, line 230]
Event: 16.729 Thread 0x000002450da41000 Exception <a 'java/lang/ClassNotFoundException'{0x000000008f33db50}: liquibase/change/core/LoadUpdateDataChangeBeanInfo> (0x000000008f33db50) thrown at [s\src\hotspot\share\classfile\systemDictionary.cpp, line 230]
Event: 16.730 Thread 0x000002450da41000 Exception <a 'java/lang/ClassNotFoundException'{0x000000008f3567e0}: liquibase/change/core/LoadUpdateDataChangeCustomizer> (0x000000008f3567e0) thrown at [s\src\hotspot\share\classfile\systemDictionary.cpp, line 230]
Event: 16.732 Thread 0x000002450da41000 Exception <a 'java/lang/ClassNotFoundException'{0x000000008f3b1eb8}: liquibase/change/core/UpdateDataChangeBeanInfo> (0x000000008f3b1eb8) thrown at [s\src\hotspot\share\classfile\systemDictionary.cpp, line 230]
Event: 16.733 Thread 0x000002450da41000 Exception <a 'java/lang/ClassNotFoundException'{0x000000008f3c90c0}: liquibase/change/core/UpdateDataChangeCustomizer> (0x000000008f3c90c0) thrown at [s\src\hotspot\share\classfile\systemDictionary.cpp, line 230]
Event: 16.783 Thread 0x000002450da41000 Exception <a 'java/lang/ClassNotFoundException'{0x000000008f60a558}: com/sun/org/apache/xerces/internal/impl/xpath/regex/spi/messageProvider> (0x000000008f60a558) thrown at [s\src\hotspot\share\classfile\systemDictionary.cpp, line 230]

Events (20 events):
Event: 16.794 loading class com/sun/org/apache/xerces/internal/impl/xs/opti/DefaultXMLDocumentHandler done
Event: 16.794 loading class com/sun/org/apache/xerces/internal/impl/xs/opti/SchemaDOMParser done
Event: 16.795 loading class com/sun/org/apache/xerces/internal/impl/xs/opti/SchemaParsingConfig
Event: 16.795 loading class com/sun/org/apache/xerces/internal/parsers/BasicParserConfiguration
Event: 16.795 loading class com/sun/org/apache/xerces/internal/parsers/BasicParserConfiguration done
Event: 16.795 loading class com/sun/org/apache/xerces/internal/impl/xs/opti/SchemaParsingConfig done
Event: 16.796 loading class com/sun/org/apache/xerces/internal/impl/xs/opti/SchemaDOMParser$BooleanStack
Event: 16.796 loading class com/sun/org/apache/xerces/internal/impl/xs/opti/SchemaDOMParser$BooleanStack done
Event: 16.796 loading class com/sun/org/apache/xerces/internal/impl/xs/XSNotationDecl
Event: 16.796 loading class com/sun/org/apache/xerces/internal/xs/XSNotationDeclaration
Event: 16.796 loading class com/sun/org/apache/xerces/internal/xs/XSNotationDeclaration done
Event: 16.796 loading class com/sun/org/apache/xerces/internal/impl/xs/XSNotationDecl done
Event: 16.796 loading class com/sun/org/apache/xerces/internal/impl/xs/XMLSchemaValidator$XPathMatcherStack
Event: 16.796 loading class com/sun/org/apache/xerces/internal/impl/xs/XMLSchemaValidator$XPathMatcherStack done
Event: 16.796 loading class com/sun/org/apache/xerces/internal/impl/xs/identity/XPathMatcher
Event: 16.796 loading class com/sun/org/apache/xerces/internal/impl/xs/identity/XPathMatcher done
Event: 16.796 loading class com/sun/org/apache/xerces/internal/util/IntStack
Event: 16.796 loading class com/sun/org/apache/xerces/internal/util/IntStack done
Event: 16.796 loading class com/sun/org/apache/xerces/internal/impl/xs/XMLSchemaValidator$ValueStoreCache
Event: 16.796 Executing VM operation: CollectForMetadataAllocation


Dynamic libraries:
0x00007ff67da20000 - 0x00007ff67da2d000 	C:\Users\Nazar\.jdks\corretto-11.0.19\bin\java.exe
0x00007ffc11210000 - 0x00007ffc11408000 	C:\WINDOWS\SYSTEM32\ntdll.dll
0x00007ffc0f440000 - 0x00007ffc0f4ff000 	C:\WINDOWS\System32\KERNEL32.DLL
0x00007ffc0ebf0000 - 0x00007ffc0eee6000 	C:\WINDOWS\System32\KERNELBASE.dll
0x00007ffc0eaf0000 - 0x00007ffc0ebf0000 	C:\WINDOWS\System32\ucrtbase.dll
0x00007ffc00b40000 - 0x00007ffc00b57000 	C:\Users\Nazar\.jdks\corretto-11.0.19\bin\jli.dll
0x00007ffc10bf0000 - 0x00007ffc10d8d000 	C:\WINDOWS\System32\USER32.dll
0x00007ffc0ea90000 - 0x00007ffc0eab2000 	C:\WINDOWS\System32\win32u.dll
0x00007ffc0f700000 - 0x00007ffc0f72c000 	C:\WINDOWS\System32\GDI32.dll
0x00007ffc0f150000 - 0x00007ffc0f265000 	C:\WINDOWS\System32\gdi32full.dll
0x00007ffc0e980000 - 0x00007ffc0ea1d000 	C:\WINDOWS\System32\msvcp_win.dll
0x00007ffbef390000 - 0x00007ffbef3a9000 	C:\Users\Nazar\.jdks\corretto-11.0.19\bin\VCRUNTIME140.dll
0x00007ffbf3570000 - 0x00007ffbf380a000 	C:\WINDOWS\WinSxS\amd64_microsoft.windows.common-controls_6595b64144ccf1df_6.0.19041.1110_none_60b5254171f9507e\COMCTL32.dll
0x00007ffc106b0000 - 0x00007ffc1074e000 	C:\WINDOWS\System32\msvcrt.dll
0x00007ffc10bc0000 - 0x00007ffc10bf0000 	C:\WINDOWS\System32\IMM32.DLL
0x00007ffbdc4c0000 - 0x00007ffbdc55b000 	C:\Users\Nazar\.jdks\corretto-11.0.19\bin\msvcp140.dll
0x00007ffbc5b10000 - 0x00007ffbc669a000 	C:\Users\Nazar\.jdks\corretto-11.0.19\bin\server\jvm.dll
0x00007ffc10180000 - 0x00007ffc1022f000 	C:\WINDOWS\System32\ADVAPI32.dll
0x00007ffc100e0000 - 0x00007ffc1017c000 	C:\WINDOWS\System32\sechost.dll
0x00007ffc10390000 - 0x00007ffc104b6000 	C:\WINDOWS\System32\RPCRT4.dll
0x00007ffc10e60000 - 0x00007ffc10e68000 	C:\WINDOWS\System32\PSAPI.DLL
0x00007ffc043f0000 - 0x00007ffc04417000 	C:\WINDOWS\SYSTEM32\WINMM.dll
0x00007ffc00a60000 - 0x00007ffc00a69000 	C:\WINDOWS\SYSTEM32\WSOCK32.dll
0x00007ffc10df0000 - 0x00007ffc10e5b000 	C:\WINDOWS\System32\WS2_32.dll
0x00007ffc091b0000 - 0x00007ffc091ba000 	C:\WINDOWS\SYSTEM32\VERSION.dll
0x00007ffc0c7c0000 - 0x00007ffc0c7d2000 	C:\WINDOWS\SYSTEM32\kernel.appcore.dll
0x00007ffc01450000 - 0x00007ffc01460000 	C:\Users\Nazar\.jdks\corretto-11.0.19\bin\verify.dll
0x00007ffc08690000 - 0x00007ffc08874000 	C:\WINDOWS\SYSTEM32\DBGHELP.DLL
0x00007ffc083d0000 - 0x00007ffc08404000 	C:\WINDOWS\SYSTEM32\dbgcore.DLL
0x00007ffc0e8f0000 - 0x00007ffc0e972000 	C:\WINDOWS\System32\bcryptPrimitives.dll
0x00007ffbef180000 - 0x00007ffbef1a8000 	C:\Users\Nazar\.jdks\corretto-11.0.19\bin\java.dll
0x00007ffc013e0000 - 0x00007ffc013ea000 	C:\Users\Nazar\.jdks\corretto-11.0.19\bin\jimage.dll
0x00007ffc0b930000 - 0x00007ffc0b93e000 	C:\Users\Nazar\.jdks\corretto-11.0.19\bin\instrument.dll
0x00007ffbedf30000 - 0x00007ffbedf48000 	C:\Users\Nazar\.jdks\corretto-11.0.19\bin\zip.dll
0x00007ffc0f7e0000 - 0x00007ffc0ff24000 	C:\WINDOWS\System32\SHELL32.dll
0x00007ffc0c9c0000 - 0x00007ffc0d153000 	C:\WINDOWS\SYSTEM32\windows.storage.dll
0x00007ffc10e70000 - 0x00007ffc111c4000 	C:\WINDOWS\System32\combase.dll
0x00007ffc0e260000 - 0x00007ffc0e28e000 	C:\WINDOWS\SYSTEM32\Wldp.dll
0x00007ffc0f730000 - 0x00007ffc0f7dd000 	C:\WINDOWS\System32\SHCORE.dll
0x00007ffc10240000 - 0x00007ffc10295000 	C:\WINDOWS\System32\shlwapi.dll
0x00007ffc0e830000 - 0x00007ffc0e84f000 	C:\WINDOWS\SYSTEM32\profapi.dll
0x00007ffbedf10000 - 0x00007ffbedf29000 	C:\Users\Nazar\.jdks\corretto-11.0.19\bin\net.dll
0x00007ffc089f0000 - 0x00007ffc08afa000 	C:\WINDOWS\SYSTEM32\WINHTTP.dll
0x00007ffc0dfc0000 - 0x00007ffc0e02a000 	C:\WINDOWS\system32\mswsock.dll
0x00007ffbedef0000 - 0x00007ffbedf03000 	C:\Users\Nazar\.jdks\corretto-11.0.19\bin\nio.dll
0x00007ffbefc80000 - 0x00007ffbefc9a000 	C:\Users\Nazar\AppData\Local\JetBrains\IntelliJ IDEA 2023.1.1\bin\breakgen64.dll
0x00007ffc0dd40000 - 0x00007ffc0de0a000 	C:\WINDOWS\SYSTEM32\DNSAPI.dll
0x00007ffc0dcb0000 - 0x00007ffc0dcec000 	C:\WINDOWS\SYSTEM32\IPHLPAPI.DLL
0x00007ffc0f270000 - 0x00007ffc0f278000 	C:\WINDOWS\System32\NSI.dll
0x0000000076af0000 - 0x0000000076b16000 	C:\Program Files\Bonjour\mdnsNSP.dll
0x00007ffc06930000 - 0x00007ffc0693a000 	C:\Windows\System32\rasadhlp.dll
0x00007ffc060b0000 - 0x00007ffc06132000 	C:\WINDOWS\System32\fwpuclnt.dll
0x00007ffc0eac0000 - 0x00007ffc0eae7000 	C:\WINDOWS\System32\bcrypt.dll
0x00007ffc0b920000 - 0x00007ffc0b929000 	C:\Users\Nazar\.jdks\corretto-11.0.19\bin\management.dll
0x00007ffc0b910000 - 0x00007ffc0b91b000 	C:\Users\Nazar\.jdks\corretto-11.0.19\bin\management_ext.dll
0x00007ffc0e1c0000 - 0x00007ffc0e1d8000 	C:\WINDOWS\SYSTEM32\CRYPTSP.dll
0x00007ffc0d8e0000 - 0x00007ffc0d914000 	C:\WINDOWS\system32\rsaenh.dll
0x00007ffc0e7b0000 - 0x00007ffc0e7de000 	C:\WINDOWS\SYSTEM32\USERENV.dll
0x00007ffc0e1b0000 - 0x00007ffc0e1bc000 	C:\WINDOWS\SYSTEM32\CRYPTBASE.dll
0x00007ffc09710000 - 0x00007ffc09727000 	C:\WINDOWS\SYSTEM32\dhcpcsvc6.DLL
0x00007ffc09580000 - 0x00007ffc0959d000 	C:\WINDOWS\SYSTEM32\dhcpcsvc.DLL
0x00007ffbf19d0000 - 0x00007ffbf19e7000 	C:\WINDOWS\system32\napinsp.dll
0x00007ffbf1970000 - 0x00007ffbf198b000 	C:\WINDOWS\system32\pnrpnsp.dll
0x00007ffbf1950000 - 0x00007ffbf1965000 	C:\WINDOWS\system32\wshbth.dll
0x00007ffc09c30000 - 0x00007ffc09c4d000 	C:\WINDOWS\system32\NLAapi.dll
0x00007ffbf1930000 - 0x00007ffbf1942000 	C:\WINDOWS\System32\winrnr.dll
0x00007ffbed9b0000 - 0x00007ffbed9d5000 	C:\Users\Nazar\.jdks\corretto-11.0.19\bin\sunec.dll
0x00007ffc01840000 - 0x00007ffc0184e000 	C:\Users\Nazar\.jdks\corretto-11.0.19\bin\sunmscapi.dll
0x00007ffc0eef0000 - 0x00007ffc0f04e000 	C:\WINDOWS\System32\CRYPT32.dll
0x00007ffc0e2d0000 - 0x00007ffc0e2f8000 	C:\WINDOWS\SYSTEM32\ncrypt.dll
0x00007ffc0e290000 - 0x00007ffc0e2cb000 	C:\WINDOWS\SYSTEM32\NTASN1.dll

dbghelp: loaded successfully - version: 4.0.5 - missing functions: none
symbol engine: initialized successfully - sym options: 0x614 - pdb path: .;C:\Users\Nazar\.jdks\corretto-11.0.19\bin;C:\WINDOWS\SYSTEM32;C:\WINDOWS\WinSxS\amd64_microsoft.windows.common-controls_6595b64144ccf1df_6.0.19041.1110_none_60b5254171f9507e;C:\Users\Nazar\.jdks\corretto-11.0.19\bin\server;C:\Users\Nazar\AppData\Local\JetBrains\IntelliJ IDEA 2023.1.1\bin;C:\Program Files\Bonjour

VM Arguments:
jvm_args: -XX:TieredStopAtLevel=1 -Xverify:none -Dspring.output.ansi.enabled=always -Dcom.sun.management.jmxremote -Dspring.jmx.enabled=true -Dspring.liveBeansView.mbeanDomain -Dspring.application.admin.enabled=true -Dmanagement.endpoints.jmx.exposure.include=* -javaagent:C:\Users\Nazar\AppData\Local\JetBrains\IntelliJ IDEA 2023.1.1\lib\idea_rt.jar=52921:C:\Users\Nazar\AppData\Local\JetBrains\IntelliJ IDEA 2023.1.1\bin -Dfile.encoding=UTF-8 
java_command: greencity.UbsApplication
java_class_path (initial): E:\Green City UBS\core\target\classes;C:\Users\Nazar\.m2\repository\org\liquibase\liquibase-maven-plugin\3.8.4\liquibase-maven-plugin-3.8.4.jar;C:\Users\Nazar\.m2\repository\org\apache\maven\maven-plugin-api\2.0\maven-plugin-api-2.0.jar;C:\Users\Nazar\.m2\repository\org\apache\maven\maven-project\2.0\maven-project-2.0.jar;C:\Users\Nazar\.m2\repository\org\apache\maven\maven-profile\2.0\maven-profile-2.0.jar;C:\Users\Nazar\.m2\repository\org\apache\maven\maven-model\2.0\maven-model-2.0.jar;C:\Users\Nazar\.m2\repository\org\apache\maven\maven-artifact-manager\2.0\maven-artifact-manager-2.0.jar;C:\Users\Nazar\.m2\repository\org\apache\maven\maven-repository-metadata\2.0\maven-repository-metadata-2.0.jar;C:\Users\Nazar\.m2\repository\org\apache\maven\wagon\wagon-provider-api\1.0-alpha-5\wagon-provider-api-1.0-alpha-5.jar;C:\Users\Nazar\.m2\repository\org\codehaus\plexus\plexus-utils\1.0.4\plexus-utils-1.0.4.jar;C:\Users\Nazar\.m2\repository\org\apache\maven\maven-artifact\2.0\maven-artifact-2.0.jar;C:\Users\Nazar\.m2\repository\org\codehaus\plexus\plexus-container-default\1.0-alpha-8\plexus-container-default-1.0-alpha-8.jar;C:\Users\Nazar\.m2\repository\classworlds\classworlds\1.1-alpha-2\classworlds-1.1-alpha-2.jar;C:\Users\Nazar\.m2\repository\org\liquibase\liquibase-core\3.8.4\liquibase-core-3.8.4.jar;C:\Users\Nazar\.m2\repository\org\slf4j\slf4j-api\1.7.26\slf4j-api-1.7.26.jar;C:\Users\Nazar\.m2\repository\ch\qos\logback\logback-classic\1.2.3\logback-classic-1.2.3.jar;C:\Users\Nazar\.m2\repository\ch\qos\logback\logback-core\1.2.3\logback-core-1.2.3.jar;E:\Green City UBS\service-api\target\classes;C:\Users\Nazar\.m2\repository\org\apache\commons\commons-collections4\4.4\commons-collections4-4.4.jar;C:\Users\Nazar\.m2\repository\org\projectlombok\lombok\1.18.8\lombok-1.18.8.jar;C:\Users\Nazar\.m2\repository\org\apache\tomcat\embed\tomcat-embed-core\9.0.22\tomcat-embed-core-9.0.22.jar;C:\Users\Nazar\.m2\repository\org\apache\tomcat\tomcat-
Launcher Type: SUN_STANDARD

[Global flags]
     bool BytecodeVerificationLocal                = false                                     {product} {command line}
     bool BytecodeVerificationRemote               = false                                     {product} {command line}
     intx CICompilerCount                          = 3                                         {product} {ergonomic}
     uint ConcGCThreads                            = 1                                         {product} {ergonomic}
     uint G1ConcRefinementThreads                  = 4                                         {product} {ergonomic}
   size_t G1HeapRegionSize                         = 1048576                                   {product} {ergonomic}
    uintx GCDrainStackTargetSize                   = 64                                        {product} {ergonomic}
   size_t InitialHeapSize                          = 134217728                                 {product} {ergonomic}
     bool ManagementServer                         = true                                      {product} {command line}
   size_t MarkStackSize                            = 4194304                                   {product} {ergonomic}
   size_t MaxHeapSize                              = 2132803584                                {product} {ergonomic}
   size_t MaxNewSize                               = 1279262720                                {product} {ergonomic}
   size_t MinHeapDeltaBytes                        = 1048576                                   {product} {ergonomic}
    uintx NonNMethodCodeHeapSize                   = 6973028                                {pd product} {ergonomic}
    uintx NonProfiledCodeHeapSize                  = 244685212                              {pd product} {ergonomic}
    uintx ProfiledCodeHeapSize                     = 0                                      {pd product} {ergonomic}
    uintx ReservedCodeCacheSize                    = 251658240                              {pd product} {ergonomic}
     bool SegmentedCodeCache                       = true                                      {product} {ergonomic}
     intx TieredStopAtLevel                        = 1                                         {product} {command line}
     bool UseCompressedClassPointers               = true                                 {lp64_product} {ergonomic}
     bool UseCompressedOops                        = true                                 {lp64_product} {ergonomic}
     bool UseG1GC                                  = true                                      {product} {ergonomic}
     bool UseLargePagesIndividualAllocation        = false                                  {pd product} {ergonomic}

Logging:
Log output configuration:
 #0: stdout all=warning uptime,level,tags
 #1: stderr all=off uptime,level,tags

Environment Variables:
PATH=C:\Program Files (x86)\NVIDIA Corporation\PhysX\Common;C:\Program Files (x86)\Common Files\Oracle\Java\javapath;C:\ProgramData\Oracle\Java\javapath;C:\Windows\system32;C:\Windows;C:\Windows\System32\Wbem;C:\Windows\System32\WindowsPowerShell\v1.0\;C:\Windows\System32\OpenSSH\;C:\WINDOWS\system32;C:\WINDOWS;C:\WINDOWS\System32\Wbem;C:\WINDOWS\System32\WindowsPowerShell\v1.0\;C:\WINDOWS\System32\OpenSSH\;C:\Program Files\MATLAB\R2021b\bin;C:\Program Files (x86)\Windows Kits\8.1\Windows Performance Toolkit\;C:\Program Files\Git\cmd;E:\node js\;C:\Program Files\MySQL\MySQL Shell 8.0\bin\;C:\WINDOWS\system32\config\systemprofile\AppData\Local\Microsoft\WindowsApps;E:\Game\Microsoft VS Code\bin;C:\Users\Nazar\AppData\Roaming\npm;E:\ \google-cloud-sdk\bin;E:\lens\resources\cli\bin
USERNAME=Nazar
OS=Windows_NT
PROCESSOR_IDENTIFIER=Intel64 Family 6 Model 158 Stepping 9, GenuineIntel
TMP=C:\Users\Nazar\AppData\Local\Temp
TEMP=C:\Users\Nazar\AppData\Local\Temp



---------------  S Y S T E M  ---------------

OS: Windows 10 , 64 bit Build 19041 (10.0.19041.3031)
OS uptime: 0 days 3:52 hours

CPU:total 4 (initial active 4) (2 cores per cpu, 2 threads per core) family 6 model 158 stepping 9 microcode 0xb4, cmov, cx8, fxsr, mmx, sse, sse2, sse3, ssse3, sse4.1, sse4.2, popcnt, aes, clmul, erms, 3dnowpref, lzcnt, ht, tsc, tscinvbit

Memory: 4k page, system-wide physical 8132M (620M free)
TotalPageFile size 32708M (AvailPageFile size 4M)
current process WorkingSet (physical memory assigned to process): 346M, peak: 346M
current process commit charge ("private bytes"): 406M, peak: 408M

vm_info: OpenJDK 64-Bit Server VM (11.0.19+7-LTS) for windows-amd64 JRE (11.0.19+7-LTS), built on Apr 13 2023 22:56:25 by "Administrator" with MS VC++ 15.9 (VS2017)

END.
