#
# There is insufficient memory for the Java Runtime Environment to continue.
# Native memory allocation (malloc) failed to allocate 32744 bytes for ChunkPool::allocate
# Possible reasons:
#   The system is out of physical RAM or swap space
#   The process is running with CompressedOops enabled, and the Java Heap may be blocking the growth of the native heap
# Possible solutions:
#   Reduce memory load on the system
#   Increase physical memory or swap space
#   Check if swap backing store is full
#   Decrease Java heap size (-Xmx/-Xms)
#   Decrease number of Java threads
#   Decrease Java thread stack sizes (-Xss)
#   Set larger code cache with -XX:ReservedCodeCacheSize=
#   JVM is running with Unscaled Compressed Oops mode in which the Java heap is
#     placed in the first 4GB address space. The Java Heap base address is the
#     maximum limit for the native heap growth. Please use -XX:HeapBaseMinAddress
#     to set the Java Heap base and to place the Java Heap above 4GB virtual address.
# This output file may be truncated or incomplete.
#
#  Out of Memory Error (arena.cpp:81), pid=3400, tid=7736
#
# JRE version: OpenJDK Runtime Environment Corretto-11.0.19.7.1 (11.0.19+7) (build 11.0.19+7-LTS)
# Java VM: OpenJDK 64-Bit Server VM Corretto-11.0.19.7.1 (11.0.19+7-LTS, mixed mode, tiered, compressed oops, g1 gc, windows-amd64)
# No core dump will be written. Minidumps are not enabled by default on client versions of Windows
#

---------------  S U M M A R Y ------------

Command Line: -XX:TieredStopAtLevel=1 -Xverify:none -Dspring.output.ansi.enabled=always -Dcom.sun.management.jmxremote -Dspring.jmx.enabled=true -Dspring.liveBeansView.mbeanDomain -Dspring.application.admin.enabled=true -Dmanagement.endpoints.jmx.exposure.include=* -javaagent:C:\Users\Nazar\AppData\Local\JetBrains\IntelliJ IDEA 2023.1.1\lib\idea_rt.jar=52592:C:\Users\Nazar\AppData\Local\JetBrains\IntelliJ IDEA 2023.1.1\bin -Dfile.encoding=UTF-8 greencity.UbsApplication

Host: Intel(R) Pentium(R) CPU G4600 @ 3.60GHz, 4 cores, 7G,  Windows 10 , 64 bit Build 19041 (10.0.19041.3031)
Time: Mon Nov 27 11:32:39 2023  Windows 10 , 64 bit Build 19041 (10.0.19041.3031) elapsed time: 136.009881 seconds (0d 0h 2m 16s)

---------------  T H R E A D  ---------------

Current thread (0x0000020343252800):  VMThread "VM Thread" [stack: 0x0000009e6d200000,0x0000009e6d300000] [id=7736] _threads_hazard_ptr=0x000002034a009110

Stack: [0x0000009e6d200000,0x0000009e6d300000]
[error occurred during error reporting (printing stack bounds), id 0xc0000005, EXCEPTION_ACCESS_VIOLATION (0xc0000005) at pc=0x000002032d1d113d]

Native frames: (J=compiled Java code, j=interpreted, Vv=VM code, C=native code)
V  [jvm.dll+0x6235aa]
V  [jvm.dll+0x7b0f89]
V  [jvm.dll+0x7b2678]
V  [jvm.dll+0x7b2cb5]
V  [jvm.dll+0x7b2c6b]
V  [jvm.dll+0x622937]
V  [jvm.dll+0x623048]
C  [ntdll.dll+0xa247f]
C  [ntdll.dll+0x514f4]
C  [ntdll.dll+0xa0f8e]
C  0x000002032d1d113d

VM_Operation (0x0000009e6fcfd240): BulkRevokeBias, mode: safepoint, requested by thread 0x000002034a2c4000


---------------  P R O C E S S  ---------------

Threads class SMR info:
_java_thread_list=0x000002034a009110, length=46, elements={
0x000002034327a000, 0x0000020343284000, 0x0000020343be4800, 0x0000020343be6000,
0x0000020343be8800, 0x0000020343bf1000, 0x0000020343bf3000, 0x0000020343208000,
0x0000020344629800, 0x0000020344d13000, 0x0000020344e7f000, 0x0000020344e88000,
0x000002034580d800, 0x0000020344654800, 0x0000020344f20000, 0x0000020347119800,
0x0000020347118800, 0x000002034711a800, 0x000002034711d000, 0x000002034711b000,
0x000002034711c000, 0x0000020347116800, 0x0000020347117000, 0x0000020347118000,
0x000002034a2b7000, 0x000002034a2b8000, 0x000002034a2bc000, 0x000002034a2b8800,
0x000002034a2ba800, 0x000002034a2bb000, 0x000002034a2b6800, 0x000002034a2c2800,
0x000002034a2bd000, 0x000002034a2c3800, 0x000002034a2be800, 0x000002034a2bd800,
0x000002034a2c4000, 0x000002034a2c5000, 0x000002034a2bf800, 0x000002034a2c0000,
0x000002034a2c1000, 0x000002034a2c1800, 0x000002034a59c000, 0x000002034a59e800,
0x000002034a59d800, 0x000002034a59f000
}

Java Threads: ( => current thread )
  0x000002034327a000 JavaThread "Reference Handler" daemon [_thread_blocked, id=3112, stack(0x0000009e6d300000,0x0000009e6d400000)]
  0x0000020343284000 JavaThread "Finalizer" daemon [_thread_blocked, id=6264, stack(0x0000009e6d400000,0x0000009e6d500000)]
  0x0000020343be4800 JavaThread "Signal Dispatcher" daemon [_thread_blocked, id=9744, stack(0x0000009e6d500000,0x0000009e6d600000)]
  0x0000020343be6000 JavaThread "Attach Listener" daemon [_thread_blocked, id=10712, stack(0x0000009e6d600000,0x0000009e6d700000)]
  0x0000020343be8800 JavaThread "Service Thread" daemon [_thread_blocked, id=2384, stack(0x0000009e6d700000,0x0000009e6d800000)]
  0x0000020343bf1000 JavaThread "C1 CompilerThread0" daemon [_thread_blocked, id=10268, stack(0x0000009e6d800000,0x0000009e6d900000)]
  0x0000020343bf3000 JavaThread "Sweeper thread" daemon [_thread_blocked, id=11848, stack(0x0000009e6d900000,0x0000009e6da00000)]
  0x0000020343208000 JavaThread "Common-Cleaner" daemon [_thread_blocked, id=6628, stack(0x0000009e6da00000,0x0000009e6db00000)]
  0x0000020344629800 JavaThread "Monitor Ctrl-Break" daemon [_thread_in_native, id=8600, stack(0x0000009e6db00000,0x0000009e6dc00000)]
  0x0000020344d13000 JavaThread "RMI TCP Accept-0" daemon [_thread_in_native, id=11104, stack(0x0000009e6de00000,0x0000009e6df00000)]
  0x0000020344e7f000 JavaThread "RMI TCP Connection(idle)" daemon [_thread_blocked, id=8936, stack(0x0000009e6e000000,0x0000009e6e100000)]
  0x0000020344e88000 JavaThread "RMI Scheduler(0)" daemon [_thread_blocked, id=6128, stack(0x0000009e6e100000,0x0000009e6e200000)]
  0x000002034580d800 JavaThread "Catalina-utility-1" [_thread_blocked, id=3760, stack(0x0000009e6e200000,0x0000009e6e300000)]
  0x0000020344654800 JavaThread "Catalina-utility-2" [_thread_blocked, id=11612, stack(0x0000009e6e400000,0x0000009e6e500000)]
  0x0000020344f20000 JavaThread "container-0" [_thread_blocked, id=9000, stack(0x0000009e6e500000,0x0000009e6e600000)]
  0x0000020347119800 JavaThread "RMI TCP Connection(idle)" daemon [_thread_blocked, id=8124, stack(0x0000009e6ea00000,0x0000009e6eb00000)]
  0x0000020347118800 JavaThread "RMI TCP Connection(idle)" daemon [_thread_blocked, id=7840, stack(0x0000009e6ee00000,0x0000009e6ef00000)]
  0x000002034711a800 JavaThread "PostgreSQL-JDBC-SharedTimer-2" daemon [_thread_blocked, id=9104, stack(0x0000009e6e700000,0x0000009e6e800000)]
  0x000002034711d000 JavaThread "HikariPool-2 housekeeper" daemon [_thread_blocked, id=7876, stack(0x0000009e6e800000,0x0000009e6e900000)]
  0x000002034711b000 JavaThread "RateLimitExecutorDelayThread" daemon [_thread_blocked, id=3904, stack(0x0000009e6c900000,0x0000009e6ca00000)]
  0x000002034711c000 JavaThread "RxIoScheduler-1 (Evictor)" daemon [_thread_blocked, id=7232, stack(0x0000009e6ca00000,0x0000009e6cb00000)]
  0x0000020347116800 JavaThread "RxComputationScheduler-1" daemon [_thread_blocked, id=10184, stack(0x0000009e6cb00000,0x0000009e6cc00000)]
  0x0000020347117000 JavaThread "HystrixTimer-1" daemon [_thread_blocked, id=352, stack(0x0000009e6e900000,0x0000009e6ea00000)]
  0x0000020347118000 JavaThread "hystrix-viber-client-1" daemon [_thread_blocked, id=2372, stack(0x0000009e6ed00000,0x0000009e6ee00000)]
  0x000002034a2b7000 JavaThread "RxComputationScheduler-2" daemon [_thread_blocked, id=3324, stack(0x0000009e6ef00000,0x0000009e6f000000)]
  0x000002034a2b8000 JavaThread "HystrixTimer-2" daemon [_thread_blocked, id=11832, stack(0x0000009e6f000000,0x0000009e6f100000)]
  0x000002034a2bc000 JavaThread "hystrix-viber-client-2" daemon [_thread_blocked, id=1052, stack(0x0000009e6f100000,0x0000009e6f200000)]
  0x000002034a2b8800 JavaThread "spring.cloud.inetutils" daemon [_thread_blocked, id=9352, stack(0x0000009e6f300000,0x0000009e6f400000)]
  0x000002034a2ba800 JavaThread "UbsSenderBot Telegram Connection" [_thread_in_native, id=5728, stack(0x0000009e6f400000,0x0000009e6f500000)]
  0x000002034a2bb000 JavaThread "UbsSenderBot Telegram Executor" [_thread_blocked, id=7468, stack(0x0000009e6f500000,0x0000009e6f600000)]
  0x000002034a2b6800 JavaThread "scheduling-1" [_thread_blocked, id=2588, stack(0x0000009e6f600000,0x0000009e6f700000)]
  0x000002034a2c2800 JavaThread "http-nio-8050-BlockPoller" daemon [_thread_blocked, id=10224, stack(0x0000009e6f700000,0x0000009e6f800000)]
  0x000002034a2bd000 JavaThread "http-nio-8050-exec-1" daemon [_thread_blocked, id=5996, stack(0x0000009e6f800000,0x0000009e6f900000)]
  0x000002034a2c3800 JavaThread "http-nio-8050-exec-2" daemon [_thread_blocked, id=11828, stack(0x0000009e6f900000,0x0000009e6fa00000)]
  0x000002034a2be800 JavaThread "http-nio-8050-exec-3" daemon [_thread_blocked, id=11956, stack(0x0000009e6fa00000,0x0000009e6fb00000)]
  0x000002034a2bd800 JavaThread "http-nio-8050-exec-4" daemon [_thread_blocked, id=8668, stack(0x0000009e6fb00000,0x0000009e6fc00000)]
  0x000002034a2c4000 JavaThread "http-nio-8050-exec-5" daemon [_thread_blocked, id=10352, stack(0x0000009e6fc00000,0x0000009e6fd00000)]
  0x000002034a2c5000 JavaThread "http-nio-8050-exec-6" daemon [_thread_blocked, id=8132, stack(0x0000009e6fd00000,0x0000009e6fe00000)]
  0x000002034a2bf800 JavaThread "http-nio-8050-exec-7" daemon [_thread_blocked, id=9072, stack(0x0000009e6fe00000,0x0000009e6ff00000)]
  0x000002034a2c0000 JavaThread "http-nio-8050-exec-8" daemon [_thread_blocked, id=6936, stack(0x0000009e6ff00000,0x0000009e70000000)]
  0x000002034a2c1000 JavaThread "http-nio-8050-exec-9" daemon [_thread_blocked, id=11164, stack(0x0000009e70000000,0x0000009e70100000)]
  0x000002034a2c1800 JavaThread "http-nio-8050-exec-10" daemon [_thread_blocked, id=7844, stack(0x0000009e70100000,0x0000009e70200000)]
  0x000002034a59c000 JavaThread "http-nio-8050-ClientPoller" daemon [_thread_in_native, id=10024, stack(0x0000009e70200000,0x0000009e70300000)]
  0x000002034a59e800 JavaThread "http-nio-8050-Acceptor" daemon [_thread_in_native, id=9844, stack(0x0000009e70300000,0x0000009e70400000)]
  0x000002034a59d800 JavaThread "DestroyJavaVM" [_thread_blocked, id=12000, stack(0x0000009e6cc00000,0x0000009e6cd00000)]
  0x000002034a59f000 JavaThread "RMI TCP Connection(idle)" daemon [_thread_blocked, id=10056, stack(0x0000009e70500000,0x0000009e70600000)]

Other Threads:
=>0x0000020343252800 VMThread "VM Thread" [stack: 0x0000009e6d200000,0x0000009e6d300000] [id=7736] _threads_hazard_ptr=0x000002034a009110
  0x0000020344d15800 WatcherThread [stack: 0x0000009e6df00000,0x0000009e6e000000] [id=2836]
  0x0000020324a8b000 GCTaskThread "GC Thread#0" [stack: 0x0000009e6cd00000,0x0000009e6ce00000] [id=10092]
  0x0000020344756800 GCTaskThread "GC Thread#1" [stack: 0x0000009e6dc00000,0x0000009e6dd00000] [id=3096]
  0x0000020344757800 GCTaskThread "GC Thread#2" [stack: 0x0000009e6dd00000,0x0000009e6de00000] [id=9852]
  0x00000203451f4800 GCTaskThread "GC Thread#3" [stack: 0x0000009e6e300000,0x0000009e6e400000] [id=9484]
  0x0000020324abb800 ConcurrentGCThread "G1 Main Marker" [stack: 0x0000009e6ce00000,0x0000009e6cf00000] [id=10220]
  0x0000020324abd000 ConcurrentGCThread "G1 Conc#0" [stack: 0x0000009e6cf00000,0x0000009e6d000000] [id=10700]
  0x00000203430c2800 ConcurrentGCThread "G1 Refine#0" [stack: 0x0000009e6d000000,0x0000009e6d100000] [id=6612]
  0x0000020324b29000 ConcurrentGCThread "G1 Young RemSet Sampling" [stack: 0x0000009e6d100000,0x0000009e6d200000] [id=1684]

Threads with active compile tasks:

VM state:at safepoint (normal execution)

VM Mutex/Monitor currently owned by a thread:  ([mutex/lock_event])
[0x0000020324a6ffa0] Threads_lock - owner thread: 0x0000020343252800

Heap address: 0x0000000080e00000, size: 2034 MB, Compressed Oops mode: 32-bit
Narrow klass base: 0x0000000000000000, Narrow klass shift: 3
Compressed class space size: 1073741824 Address: 0x0000000100000000

Heap:
 garbage-first heap   total 189440K, used 121681K [0x0000000080e00000, 0x0000000100000000)
  region size 1024K, 39 young (39936K), 3 survivors (3072K)
 Metaspace       used 102754K, capacity 105976K, committed 106240K, reserved 1140736K
  class space    used 13471K, capacity 14534K, committed 14616K, reserved 1048576K
Heap Regions: E=young(eden), S=young(survivor), O=old, HS=humongous(starts), HC=humongous(continues), CS=collection set, F=free, A=archive, TAMS=top-at-mark-start (previous, next)
|   0|0x0000000080e00000, 0x0000000080f00000, 0x0000000080f00000|100%|HS|  |TAMS 0x0000000080f00000, 0x0000000080e00000| Complete 
|   1|0x0000000080f00000, 0x0000000081000000, 0x0000000081000000|100%| O|  |TAMS 0x0000000081000000, 0x0000000080f00000| Untracked 
|   2|0x0000000081000000, 0x0000000081100000, 0x0000000081100000|100%| O|  |TAMS 0x0000000081100000, 0x0000000081000000| Untracked 
|   3|0x0000000081100000, 0x0000000081200000, 0x0000000081200000|100%| O|  |TAMS 0x0000000081200000, 0x0000000081100000| Untracked 
|   4|0x0000000081200000, 0x0000000081300000, 0x0000000081300000|100%| O|  |TAMS 0x0000000081300000, 0x0000000081200000| Untracked 
|   5|0x0000000081300000, 0x0000000081400000, 0x0000000081400000|100%| O|  |TAMS 0x0000000081400000, 0x0000000081300000| Untracked 
|   6|0x0000000081400000, 0x0000000081500000, 0x0000000081500000|100%| O|  |TAMS 0x0000000081500000, 0x0000000081400000| Untracked 
|   7|0x0000000081500000, 0x0000000081600000, 0x0000000081600000|100%| O|  |TAMS 0x0000000081600000, 0x0000000081500000| Untracked 
|   8|0x0000000081600000, 0x0000000081700000, 0x0000000081700000|100%| O|  |TAMS 0x0000000081700000, 0x0000000081600000| Untracked 
|   9|0x0000000081700000, 0x0000000081800000, 0x0000000081800000|100%| O|  |TAMS 0x0000000081800000, 0x0000000081700000| Untracked 
|  10|0x0000000081800000, 0x0000000081900000, 0x0000000081900000|100%| O|  |TAMS 0x0000000081900000, 0x0000000081800000| Untracked 
|  11|0x0000000081900000, 0x0000000081a00000, 0x0000000081a00000|100%| O|  |TAMS 0x0000000081a00000, 0x0000000081900000| Untracked 
|  12|0x0000000081a00000, 0x0000000081b00000, 0x0000000081b00000|100%| O|  |TAMS 0x0000000081b00000, 0x0000000081a00000| Untracked 
|  13|0x0000000081b00000, 0x0000000081b00000, 0x0000000081c00000|  0%| F|  |TAMS 0x0000000081b00000, 0x0000000081b00000| Untracked 
|  14|0x0000000081c00000, 0x0000000081c00000, 0x0000000081d00000|  0%| F|  |TAMS 0x0000000081c00000, 0x0000000081c00000| Untracked 
|  15|0x0000000081d00000, 0x0000000081d00000, 0x0000000081e00000|  0%| F|  |TAMS 0x0000000081d00000, 0x0000000081d00000| Untracked 
|  16|0x0000000081e00000, 0x0000000081f00000, 0x0000000081f00000|100%| O|  |TAMS 0x0000000081f00000, 0x0000000081e00000| Untracked 
|  17|0x0000000081f00000, 0x0000000082000000, 0x0000000082000000|100%| O|  |TAMS 0x0000000082000000, 0x0000000081f00000| Untracked 
|  18|0x0000000082000000, 0x0000000082100000, 0x0000000082100000|100%| O|  |TAMS 0x0000000082100000, 0x0000000082000000| Untracked 
|  19|0x0000000082100000, 0x0000000082200000, 0x0000000082200000|100%| O|  |TAMS 0x0000000082200000, 0x0000000082100000| Untracked 
|  20|0x0000000082200000, 0x0000000082300000, 0x0000000082300000|100%| O|  |TAMS 0x0000000082300000, 0x0000000082200000| Untracked 
|  21|0x0000000082300000, 0x0000000082300000, 0x0000000082400000|  0%| F|  |TAMS 0x0000000082300000, 0x0000000082300000| Untracked 
|  22|0x0000000082400000, 0x0000000082500000, 0x0000000082500000|100%| O|  |TAMS 0x0000000082500000, 0x0000000082400000| Untracked 
|  23|0x0000000082500000, 0x0000000082600000, 0x0000000082600000|100%| O|  |TAMS 0x0000000082600000, 0x0000000082500000| Untracked 
|  24|0x0000000082600000, 0x0000000082700000, 0x0000000082700000|100%| O|  |TAMS 0x0000000082700000, 0x0000000082600000| Untracked 
|  25|0x0000000082700000, 0x0000000082700000, 0x0000000082800000|  0%| F|  |TAMS 0x0000000082700000, 0x0000000082700000| Untracked 
|  26|0x0000000082800000, 0x0000000082800000, 0x0000000082900000|  0%| F|  |TAMS 0x0000000082800000, 0x0000000082800000| Untracked 
|  27|0x0000000082900000, 0x0000000082a00000, 0x0000000082a00000|100%| O|  |TAMS 0x0000000082a00000, 0x0000000082900000| Untracked 
|  28|0x0000000082a00000, 0x0000000082b00000, 0x0000000082b00000|100%| O|  |TAMS 0x0000000082b00000, 0x0000000082a00000| Untracked 
|  29|0x0000000082b00000, 0x0000000082c00000, 0x0000000082c00000|100%| O|  |TAMS 0x0000000082c00000, 0x0000000082b00000| Untracked 
|  30|0x0000000082c00000, 0x0000000082c00000, 0x0000000082d00000|  0%| F|  |TAMS 0x0000000082c00000, 0x0000000082c00000| Untracked 
|  31|0x0000000082d00000, 0x0000000082d00000, 0x0000000082e00000|  0%| F|  |TAMS 0x0000000082d00000, 0x0000000082d00000| Untracked 
|  32|0x0000000082e00000, 0x0000000082e00000, 0x0000000082f00000|  0%| F|  |TAMS 0x0000000082e00000, 0x0000000082e00000| Untracked 
|  33|0x0000000082f00000, 0x0000000083000000, 0x0000000083000000|100%| O|  |TAMS 0x0000000083000000, 0x0000000082f00000| Untracked 
|  34|0x0000000083000000, 0x0000000083100000, 0x0000000083100000|100%| O|  |TAMS 0x0000000083100000, 0x0000000083000000| Untracked 
|  35|0x0000000083100000, 0x0000000083200000, 0x0000000083200000|100%| O|  |TAMS 0x0000000083200000, 0x0000000083100000| Untracked 
|  36|0x0000000083200000, 0x0000000083200000, 0x0000000083300000|  0%| F|  |TAMS 0x0000000083200000, 0x0000000083200000| Untracked 
|  37|0x0000000083300000, 0x0000000083400000, 0x0000000083400000|100%| O|  |TAMS 0x0000000083400000, 0x0000000083300000| Untracked 
|  38|0x0000000083400000, 0x0000000083500000, 0x0000000083500000|100%| O|  |TAMS 0x0000000083500000, 0x0000000083400000| Untracked 
|  39|0x0000000083500000, 0x0000000083600000, 0x0000000083600000|100%| O|  |TAMS 0x0000000083600000, 0x0000000083500000| Untracked 
|  40|0x0000000083600000, 0x0000000083700000, 0x0000000083700000|100%| O|  |TAMS 0x0000000083700000, 0x0000000083600000| Untracked 
|  41|0x0000000083700000, 0x0000000083800000, 0x0000000083800000|100%| O|  |TAMS 0x0000000083800000, 0x0000000083700000| Untracked 
|  42|0x0000000083800000, 0x0000000083900000, 0x0000000083900000|100%| O|  |TAMS 0x0000000083900000, 0x0000000083800000| Untracked 
|  43|0x0000000083900000, 0x0000000083a00000, 0x0000000083a00000|100%| O|  |TAMS 0x0000000083a00000, 0x0000000083900000| Untracked 
|  44|0x0000000083a00000, 0x0000000083b00000, 0x0000000083b00000|100%| O|  |TAMS 0x0000000083b00000, 0x0000000083a00000| Untracked 
|  45|0x0000000083b00000, 0x0000000083c00000, 0x0000000083c00000|100%| O|  |TAMS 0x0000000083c00000, 0x0000000083b00000| Untracked 
|  46|0x0000000083c00000, 0x0000000083d00000, 0x0000000083d00000|100%| O|  |TAMS 0x0000000083d00000, 0x0000000083c00000| Untracked 
|  47|0x0000000083d00000, 0x0000000083e00000, 0x0000000083e00000|100%| O|  |TAMS 0x0000000083e00000, 0x0000000083d00000| Untracked 
|  48|0x0000000083e00000, 0x0000000083f00000, 0x0000000083f00000|100%| O|  |TAMS 0x0000000083f00000, 0x0000000083e00000| Untracked 
|  49|0x0000000083f00000, 0x0000000083f00000, 0x0000000084000000|  0%| F|  |TAMS 0x0000000083f00000, 0x0000000083f00000| Untracked 
|  50|0x0000000084000000, 0x0000000084100000, 0x0000000084100000|100%| O|  |TAMS 0x0000000084100000, 0x0000000084000000| Untracked 
|  51|0x0000000084100000, 0x0000000084200000, 0x0000000084200000|100%| O|  |TAMS 0x0000000084200000, 0x0000000084100000| Untracked 
|  52|0x0000000084200000, 0x0000000084300000, 0x0000000084300000|100%| O|  |TAMS 0x0000000084300000, 0x0000000084200000| Untracked 
|  53|0x0000000084300000, 0x0000000084300000, 0x0000000084400000|  0%| F|  |TAMS 0x0000000084300000, 0x0000000084300000| Untracked 
|  54|0x0000000084400000, 0x0000000084500000, 0x0000000084500000|100%| O|  |TAMS 0x0000000084500000, 0x0000000084400000| Untracked 
|  55|0x0000000084500000, 0x0000000084600000, 0x0000000084600000|100%| O|  |TAMS 0x0000000084600000, 0x0000000084500000| Untracked 
|  56|0x0000000084600000, 0x0000000084700000, 0x0000000084700000|100%| O|  |TAMS 0x0000000084700000, 0x0000000084600000| Untracked 
|  57|0x0000000084700000, 0x0000000084800000, 0x0000000084800000|100%| O|  |TAMS 0x0000000084800000, 0x0000000084700000| Untracked 
|  58|0x0000000084800000, 0x0000000084900000, 0x0000000084900000|100%| O|  |TAMS 0x0000000084900000, 0x0000000084800000| Untracked 
|  59|0x0000000084900000, 0x0000000084a00000, 0x0000000084a00000|100%| O|  |TAMS 0x0000000084a00000, 0x0000000084900000| Untracked 
|  60|0x0000000084a00000, 0x0000000084b00000, 0x0000000084b00000|100%| O|  |TAMS 0x0000000084b00000, 0x0000000084a00000| Untracked 
|  61|0x0000000084b00000, 0x0000000084c00000, 0x0000000084c00000|100%| O|  |TAMS 0x0000000084c00000, 0x0000000084b00000| Untracked 
|  62|0x0000000084c00000, 0x0000000084d00000, 0x0000000084d00000|100%| O|  |TAMS 0x0000000084d00000, 0x0000000084c00000| Untracked 
|  63|0x0000000084d00000, 0x0000000084e00000, 0x0000000084e00000|100%| O|  |TAMS 0x0000000084e00000, 0x0000000084d00000| Untracked 
|  64|0x0000000084e00000, 0x0000000084f00000, 0x0000000084f00000|100%| O|  |TAMS 0x0000000084f00000, 0x0000000084e00000| Untracked 
|  65|0x0000000084f00000, 0x0000000085000000, 0x0000000085000000|100%| O|  |TAMS 0x0000000085000000, 0x0000000084f00000| Untracked 
|  66|0x0000000085000000, 0x0000000085100000, 0x0000000085100000|100%| O|  |TAMS 0x0000000085100000, 0x0000000085000000| Untracked 
|  67|0x0000000085100000, 0x0000000085200000, 0x0000000085200000|100%| O|  |TAMS 0x0000000085200000, 0x0000000085100000| Untracked 
|  68|0x0000000085200000, 0x0000000085300000, 0x0000000085300000|100%| O|  |TAMS 0x0000000085300000, 0x0000000085200000| Untracked 
|  69|0x0000000085300000, 0x0000000085400000, 0x0000000085400000|100%| O|  |TAMS 0x0000000085400000, 0x0000000085300000| Untracked 
|  70|0x0000000085400000, 0x0000000085400000, 0x0000000085500000|  0%| F|  |TAMS 0x0000000085400000, 0x0000000085400000| Untracked 
|  71|0x0000000085500000, 0x0000000085600000, 0x0000000085600000|100%| O|  |TAMS 0x0000000085600000, 0x0000000085500000| Untracked 
|  72|0x0000000085600000, 0x0000000085700000, 0x0000000085700000|100%| O|  |TAMS 0x0000000085700000, 0x0000000085600000| Untracked 
|  73|0x0000000085700000, 0x0000000085800000, 0x0000000085800000|100%| O|  |TAMS 0x0000000085800000, 0x0000000085700000| Untracked 
|  74|0x0000000085800000, 0x0000000085900000, 0x0000000085900000|100%| O|  |TAMS 0x0000000085900000, 0x0000000085800000| Untracked 
|  75|0x0000000085900000, 0x0000000085a00000, 0x0000000085a00000|100%| O|  |TAMS 0x0000000085a00000, 0x0000000085900000| Untracked 
|  76|0x0000000085a00000, 0x0000000085b00000, 0x0000000085b00000|100%| O|  |TAMS 0x0000000085b00000, 0x0000000085a00000| Untracked 
|  77|0x0000000085b00000, 0x0000000085c00000, 0x0000000085c00000|100%| O|  |TAMS 0x0000000085c00000, 0x0000000085b00000| Untracked 
|  78|0x0000000085c00000, 0x0000000085d00000, 0x0000000085d00000|100%| O|  |TAMS 0x0000000085d00000, 0x0000000085c00000| Untracked 
|  79|0x0000000085d00000, 0x0000000085e00000, 0x0000000085e00000|100%| O|  |TAMS 0x0000000085e00000, 0x0000000085d00000| Untracked 
|  80|0x0000000085e00000, 0x0000000085f00000, 0x0000000085f00000|100%| O|  |TAMS 0x0000000085f00000, 0x0000000085e00000| Untracked 
|  81|0x0000000085f00000, 0x0000000086000000, 0x0000000086000000|100%| O|  |TAMS 0x0000000086000000, 0x0000000085f00000| Untracked 
|  82|0x0000000086000000, 0x0000000086100000, 0x0000000086100000|100%| O|  |TAMS 0x0000000086100000, 0x0000000086000000| Untracked 
|  83|0x0000000086100000, 0x0000000086200000, 0x0000000086200000|100%| O|  |TAMS 0x0000000086200000, 0x0000000086100000| Untracked 
|  84|0x0000000086200000, 0x0000000086300000, 0x0000000086300000|100%| O|  |TAMS 0x00000000862bd600, 0x0000000086200000| Untracked 
|  85|0x0000000086300000, 0x0000000086400000, 0x0000000086400000|100%| O|  |TAMS 0x0000000086300000, 0x0000000086300000| Untracked 
|  86|0x0000000086400000, 0x0000000086500000, 0x0000000086500000|100%| O|  |TAMS 0x0000000086400000, 0x0000000086400000| Untracked 
|  87|0x0000000086500000, 0x0000000086600000, 0x0000000086600000|100%| O|  |TAMS 0x0000000086500000, 0x0000000086500000| Untracked 
|  88|0x0000000086600000, 0x0000000086700000, 0x0000000086700000|100%| O|  |TAMS 0x0000000086600000, 0x0000000086600000| Untracked 
|  89|0x0000000086700000, 0x0000000086800000, 0x0000000086800000|100%| O|  |TAMS 0x0000000086700000, 0x0000000086700000| Untracked 
|  90|0x0000000086800000, 0x0000000086900000, 0x0000000086900000|100%| O|  |TAMS 0x0000000086800000, 0x0000000086800000| Untracked 
|  91|0x0000000086900000, 0x0000000086a00000, 0x0000000086a00000|100%| O|  |TAMS 0x0000000086900000, 0x0000000086900000| Untracked 
|  92|0x0000000086a00000, 0x0000000086b00000, 0x0000000086b00000|100%| O|  |TAMS 0x0000000086a00000, 0x0000000086a00000| Untracked 
|  93|0x0000000086b00000, 0x0000000086c00000, 0x0000000086c00000|100%| O|  |TAMS 0x0000000086b00000, 0x0000000086b00000| Untracked 
|  94|0x0000000086c00000, 0x0000000086d00000, 0x0000000086d00000|100%| O|  |TAMS 0x0000000086c00000, 0x0000000086c00000| Untracked 
|  95|0x0000000086d00000, 0x0000000086dc2000, 0x0000000086e00000| 75%| O|  |TAMS 0x0000000086d00000, 0x0000000086d00000| Untracked 
|  96|0x0000000086e00000, 0x0000000086e00000, 0x0000000086f00000|  0%| F|  |TAMS 0x0000000086e00000, 0x0000000086e00000| Untracked 
|  97|0x0000000086f00000, 0x0000000086f00000, 0x0000000087000000|  0%| F|  |TAMS 0x0000000086f00000, 0x0000000086f00000| Untracked 
|  98|0x0000000087000000, 0x0000000087000000, 0x0000000087100000|  0%| F|  |TAMS 0x0000000087000000, 0x0000000087000000| Untracked 
|  99|0x0000000087100000, 0x0000000087100000, 0x0000000087200000|  0%| F|  |TAMS 0x0000000087100000, 0x0000000087100000| Untracked 
| 100|0x0000000087200000, 0x0000000087200000, 0x0000000087300000|  0%| F|  |TAMS 0x0000000087200000, 0x0000000087200000| Untracked 
| 101|0x0000000087300000, 0x0000000087300000, 0x0000000087400000|  0%| F|  |TAMS 0x0000000087300000, 0x0000000087300000| Untracked 
| 102|0x0000000087400000, 0x0000000087400000, 0x0000000087500000|  0%| F|  |TAMS 0x0000000087400000, 0x0000000087400000| Untracked 
| 103|0x0000000087500000, 0x0000000087500000, 0x0000000087600000|  0%| F|  |TAMS 0x0000000087500000, 0x0000000087500000| Untracked 
| 104|0x0000000087600000, 0x0000000087600000, 0x0000000087700000|  0%| F|  |TAMS 0x0000000087600000, 0x0000000087600000| Untracked 
| 105|0x0000000087700000, 0x0000000087700000, 0x0000000087800000|  0%| F|  |TAMS 0x0000000087700000, 0x0000000087700000| Untracked 
| 106|0x0000000087800000, 0x0000000087800000, 0x0000000087900000|  0%| F|  |TAMS 0x0000000087800000, 0x0000000087800000| Untracked 
| 107|0x0000000087900000, 0x0000000087900000, 0x0000000087a00000|  0%| F|  |TAMS 0x0000000087900000, 0x0000000087900000| Untracked 
| 108|0x0000000087a00000, 0x0000000087a00000, 0x0000000087b00000|  0%| F|  |TAMS 0x0000000087a00000, 0x0000000087a00000| Untracked 
| 109|0x0000000087b00000, 0x0000000087b00000, 0x0000000087c00000|  0%| F|  |TAMS 0x0000000087b00000, 0x0000000087b00000| Untracked 
| 110|0x0000000087c00000, 0x0000000087c00000, 0x0000000087d00000|  0%| F|  |TAMS 0x0000000087c00000, 0x0000000087c00000| Untracked 
| 111|0x0000000087d00000, 0x0000000087d00000, 0x0000000087e00000|  0%| F|  |TAMS 0x0000000087d00000, 0x0000000087d00000| Untracked 
| 112|0x0000000087e00000, 0x0000000087e00000, 0x0000000087f00000|  0%| F|  |TAMS 0x0000000087e00000, 0x0000000087e00000| Untracked 
| 113|0x0000000087f00000, 0x0000000087f00000, 0x0000000088000000|  0%| F|  |TAMS 0x0000000087f00000, 0x0000000087f00000| Untracked 
| 114|0x0000000088000000, 0x0000000088012408, 0x0000000088100000|  7%| S|CS|TAMS 0x0000000088000000, 0x0000000088000000| Complete 
| 115|0x0000000088100000, 0x0000000088200000, 0x0000000088200000|100%| S|CS|TAMS 0x0000000088100000, 0x0000000088100000| Complete 
| 116|0x0000000088200000, 0x0000000088300000, 0x0000000088300000|100%| S|CS|TAMS 0x0000000088200000, 0x0000000088200000| Complete 
| 117|0x0000000088300000, 0x0000000088300000, 0x0000000088400000|  0%| F|  |TAMS 0x0000000088300000, 0x0000000088300000| Untracked 
| 118|0x0000000088400000, 0x0000000088400000, 0x0000000088500000|  0%| F|  |TAMS 0x0000000088400000, 0x0000000088400000| Untracked 
| 119|0x0000000088500000, 0x0000000088500000, 0x0000000088600000|  0%| F|  |TAMS 0x0000000088500000, 0x0000000088500000| Untracked 
| 120|0x0000000088600000, 0x0000000088600000, 0x0000000088700000|  0%| F|  |TAMS 0x0000000088600000, 0x0000000088600000| Untracked 
| 121|0x0000000088700000, 0x0000000088700000, 0x0000000088800000|  0%| F|  |TAMS 0x0000000088700000, 0x0000000088700000| Untracked 
| 122|0x0000000088800000, 0x0000000088800000, 0x0000000088900000|  0%| F|  |TAMS 0x0000000088800000, 0x0000000088800000| Untracked 
| 123|0x0000000088900000, 0x0000000088900000, 0x0000000088a00000|  0%| F|  |TAMS 0x0000000088900000, 0x0000000088900000| Untracked 
| 124|0x0000000088a00000, 0x0000000088a00000, 0x0000000088b00000|  0%| F|  |TAMS 0x0000000088a00000, 0x0000000088a00000| Untracked 
| 125|0x0000000088b00000, 0x0000000088b00000, 0x0000000088c00000|  0%| F|  |TAMS 0x0000000088b00000, 0x0000000088b00000| Untracked 
| 126|0x0000000088c00000, 0x0000000088c00000, 0x0000000088d00000|  0%| F|  |TAMS 0x0000000088c00000, 0x0000000088c00000| Untracked 
| 127|0x0000000088d00000, 0x0000000088d00000, 0x0000000088e00000|  0%| F|  |TAMS 0x0000000088d00000, 0x0000000088d00000| Untracked 
| 128|0x0000000088e00000, 0x0000000088e00000, 0x0000000088f00000|  0%| F|  |TAMS 0x0000000088e00000, 0x0000000088e00000| Untracked 
| 129|0x0000000088f00000, 0x0000000088f00000, 0x0000000089000000|  0%| F|  |TAMS 0x0000000088f00000, 0x0000000088f00000| Untracked 
| 130|0x0000000089000000, 0x0000000089000000, 0x0000000089100000|  0%| F|  |TAMS 0x0000000089000000, 0x0000000089000000| Untracked 
| 131|0x0000000089100000, 0x0000000089100000, 0x0000000089200000|  0%| F|  |TAMS 0x0000000089100000, 0x0000000089100000| Untracked 
| 132|0x0000000089200000, 0x0000000089200000, 0x0000000089300000|  0%| F|  |TAMS 0x0000000089200000, 0x0000000089200000| Untracked 
| 133|0x0000000089300000, 0x0000000089300000, 0x0000000089400000|  0%| F|  |TAMS 0x0000000089300000, 0x0000000089300000| Untracked 
| 134|0x0000000089400000, 0x0000000089400000, 0x0000000089500000|  0%| F|  |TAMS 0x0000000089400000, 0x0000000089400000| Untracked 
| 135|0x0000000089500000, 0x0000000089500000, 0x0000000089600000|  0%| F|  |TAMS 0x0000000089500000, 0x0000000089500000| Untracked 
| 136|0x0000000089600000, 0x0000000089600000, 0x0000000089700000|  0%| F|  |TAMS 0x0000000089600000, 0x0000000089600000| Untracked 
| 137|0x0000000089700000, 0x0000000089700000, 0x0000000089800000|  0%| F|  |TAMS 0x0000000089700000, 0x0000000089700000| Untracked 
| 138|0x0000000089800000, 0x0000000089800000, 0x0000000089900000|  0%| F|  |TAMS 0x0000000089800000, 0x0000000089800000| Untracked 
| 139|0x0000000089900000, 0x0000000089900000, 0x0000000089a00000|  0%| F|  |TAMS 0x0000000089900000, 0x0000000089900000| Untracked 
| 140|0x0000000089a00000, 0x0000000089a00000, 0x0000000089b00000|  0%| F|  |TAMS 0x0000000089a00000, 0x0000000089a00000| Untracked 
| 141|0x0000000089b00000, 0x0000000089b00000, 0x0000000089c00000|  0%| F|  |TAMS 0x0000000089b00000, 0x0000000089b00000| Untracked 
| 142|0x0000000089c00000, 0x0000000089c00000, 0x0000000089d00000|  0%| F|  |TAMS 0x0000000089c00000, 0x0000000089c00000| Untracked 
| 143|0x0000000089d00000, 0x0000000089d00000, 0x0000000089e00000|  0%| F|  |TAMS 0x0000000089d00000, 0x0000000089d00000| Untracked 
| 144|0x0000000089e00000, 0x0000000089e00000, 0x0000000089f00000|  0%| F|  |TAMS 0x0000000089e00000, 0x0000000089e00000| Untracked 
| 145|0x0000000089f00000, 0x0000000089f00000, 0x000000008a000000|  0%| F|  |TAMS 0x0000000089f00000, 0x0000000089f00000| Untracked 
| 146|0x000000008a000000, 0x000000008a000000, 0x000000008a100000|  0%| F|  |TAMS 0x000000008a000000, 0x000000008a000000| Untracked 
| 147|0x000000008a100000, 0x000000008a100000, 0x000000008a200000|  0%| F|  |TAMS 0x000000008a100000, 0x000000008a100000| Untracked 
| 148|0x000000008a200000, 0x000000008a200000, 0x000000008a300000|  0%| F|  |TAMS 0x000000008a200000, 0x000000008a200000| Untracked 
| 149|0x000000008a300000, 0x000000008a389bd0, 0x000000008a400000| 53%| E|  |TAMS 0x000000008a300000, 0x000000008a300000| Complete 
| 150|0x000000008a400000, 0x000000008a500000, 0x000000008a500000|100%| E|CS|TAMS 0x000000008a400000, 0x000000008a400000| Complete 
| 151|0x000000008a500000, 0x000000008a600000, 0x000000008a600000|100%| E|CS|TAMS 0x000000008a500000, 0x000000008a500000| Complete 
| 152|0x000000008a600000, 0x000000008a700000, 0x000000008a700000|100%| E|CS|TAMS 0x000000008a600000, 0x000000008a600000| Complete 
| 153|0x000000008a700000, 0x000000008a800000, 0x000000008a800000|100%| E|CS|TAMS 0x000000008a700000, 0x000000008a700000| Complete 
| 154|0x000000008a800000, 0x000000008a900000, 0x000000008a900000|100%| E|CS|TAMS 0x000000008a800000, 0x000000008a800000| Complete 
| 155|0x000000008a900000, 0x000000008aa00000, 0x000000008aa00000|100%| E|CS|TAMS 0x000000008a900000, 0x000000008a900000| Complete 
| 156|0x000000008aa00000, 0x000000008ab00000, 0x000000008ab00000|100%| E|CS|TAMS 0x000000008aa00000, 0x000000008aa00000| Complete 
| 157|0x000000008ab00000, 0x000000008ac00000, 0x000000008ac00000|100%| E|CS|TAMS 0x000000008ab00000, 0x000000008ab00000| Complete 
| 158|0x000000008ac00000, 0x000000008ad00000, 0x000000008ad00000|100%| E|  |TAMS 0x000000008ac00000, 0x000000008ac00000| Complete 
| 159|0x000000008ad00000, 0x000000008ae00000, 0x000000008ae00000|100%| E|CS|TAMS 0x000000008ad00000, 0x000000008ad00000| Complete 
| 160|0x000000008ae00000, 0x000000008af00000, 0x000000008af00000|100%| E|CS|TAMS 0x000000008ae00000, 0x000000008ae00000| Complete 
| 161|0x000000008af00000, 0x000000008b000000, 0x000000008b000000|100%| E|CS|TAMS 0x000000008af00000, 0x000000008af00000| Complete 
| 162|0x000000008b000000, 0x000000008b100000, 0x000000008b100000|100%| E|CS|TAMS 0x000000008b000000, 0x000000008b000000| Complete 
| 163|0x000000008b100000, 0x000000008b200000, 0x000000008b200000|100%| E|CS|TAMS 0x000000008b100000, 0x000000008b100000| Complete 
| 164|0x000000008b200000, 0x000000008b300000, 0x000000008b300000|100%| E|CS|TAMS 0x000000008b200000, 0x000000008b200000| Complete 
| 165|0x000000008b300000, 0x000000008b400000, 0x000000008b400000|100%| E|CS|TAMS 0x000000008b300000, 0x000000008b300000| Complete 
| 166|0x000000008b400000, 0x000000008b500000, 0x000000008b500000|100%| E|CS|TAMS 0x000000008b400000, 0x000000008b400000| Complete 
| 167|0x000000008b500000, 0x000000008b600000, 0x000000008b600000|100%| E|CS|TAMS 0x000000008b500000, 0x000000008b500000| Complete 
| 168|0x000000008b600000, 0x000000008b700000, 0x000000008b700000|100%| E|CS|TAMS 0x000000008b600000, 0x000000008b600000| Complete 
| 169|0x000000008b700000, 0x000000008b800000, 0x000000008b800000|100%| E|CS|TAMS 0x000000008b700000, 0x000000008b700000| Complete 
| 170|0x000000008b800000, 0x000000008b900000, 0x000000008b900000|100%| E|CS|TAMS 0x000000008b800000, 0x000000008b800000| Complete 
| 171|0x000000008b900000, 0x000000008ba00000, 0x000000008ba00000|100%| E|CS|TAMS 0x000000008b900000, 0x000000008b900000| Complete 
| 172|0x000000008ba00000, 0x000000008bb00000, 0x000000008bb00000|100%| E|CS|TAMS 0x000000008ba00000, 0x000000008ba00000| Complete 
| 173|0x000000008bb00000, 0x000000008bc00000, 0x000000008bc00000|100%| E|CS|TAMS 0x000000008bb00000, 0x000000008bb00000| Complete 
| 174|0x000000008bc00000, 0x000000008bd00000, 0x000000008bd00000|100%| E|CS|TAMS 0x000000008bc00000, 0x000000008bc00000| Complete 
| 175|0x000000008bd00000, 0x000000008be00000, 0x000000008be00000|100%| E|CS|TAMS 0x000000008bd00000, 0x000000008bd00000| Complete 
| 176|0x000000008be00000, 0x000000008bf00000, 0x000000008bf00000|100%| E|CS|TAMS 0x000000008be00000, 0x000000008be00000| Complete 
| 177|0x000000008bf00000, 0x000000008c000000, 0x000000008c000000|100%| E|CS|TAMS 0x000000008bf00000, 0x000000008bf00000| Complete 
| 178|0x000000008c000000, 0x000000008c100000, 0x000000008c100000|100%| E|CS|TAMS 0x000000008c000000, 0x000000008c000000| Complete 
| 179|0x000000008c100000, 0x000000008c200000, 0x000000008c200000|100%| E|CS|TAMS 0x000000008c100000, 0x000000008c100000| Complete 
| 180|0x000000008c200000, 0x000000008c300000, 0x000000008c300000|100%| E|CS|TAMS 0x000000008c200000, 0x000000008c200000| Complete 
| 181|0x000000008c300000, 0x000000008c400000, 0x000000008c400000|100%| E|CS|TAMS 0x000000008c300000, 0x000000008c300000| Complete 
| 182|0x000000008c400000, 0x000000008c500000, 0x000000008c500000|100%| E|CS|TAMS 0x000000008c400000, 0x000000008c400000| Complete 
| 183|0x000000008c500000, 0x000000008c600000, 0x000000008c600000|100%| E|CS|TAMS 0x000000008c500000, 0x000000008c500000| Complete 
| 184|0x000000008c600000, 0x000000008c700000, 0x000000008c700000|100%| E|CS|TAMS 0x000000008c600000, 0x000000008c600000| Complete 

Card table byte_map: [0x000002033c5d0000,0x000002033c9d0000] _byte_map_base: 0x000002033c1c9000

Marking Bits (Prev, Next): (CMBitMap*) 0x0000020324ab2ef0, (CMBitMap*) 0x0000020324ab2eb8
 Prev Bits: [0x000002033eda0000, 0x0000020340d68000)
 Next Bits: [0x000002033cdd0000, 0x000002033ed98000)

Polling page: 0x0000020322970000

Metaspace:

Usage:
  Non-class:     89.30 MB capacity,    87.19 MB ( 98%) used,     1.77 MB (  2%) free+waste,   346.06 KB ( <1%) overhead. 
      Class:     14.19 MB capacity,    13.16 MB ( 93%) used,   897.36 KB (  6%) free+waste,   164.81 KB (  1%) overhead. 
       Both:    103.49 MB capacity,   100.35 MB ( 97%) used,     2.65 MB (  3%) free+waste,   510.88 KB ( <1%) overhead. 

Virtual space:
  Non-class space:       90.00 MB reserved,      89.48 MB (>99%) committed 
      Class space:        1.00 GB reserved,      14.27 MB (  1%) committed 
             Both:        1.09 GB reserved,     103.75 MB (  9%) committed 

Chunk freelists:
   Non-Class:  54.00 KB
       Class:  26.00 KB
        Both:  80.00 KB

MaxMetaspaceSize: 17179869184.00 GB
CompressedClassSpaceSize: 1.00 GB
Initial GC threshold: 20.80 MB
Current GC threshold: 168.54 MB
CDS: off

CodeHeap 'non-profiled nmethods': size=238912Kb used=26065Kb max_used=26065Kb free=212846Kb
 bounds [0x000002032d880000, 0x000002032f200000, 0x000002033c1d0000]
CodeHeap 'non-nmethods': size=6848Kb used=1422Kb max_used=1422Kb free=5425Kb
 bounds [0x000002032d1d0000, 0x000002032d440000, 0x000002032d880000]
 total_blobs=16010 nmethods=15259 adapters=677
 compilation: enabled
              stopped_count=0, restarted_count=0
 full_count=0

Compilation events (20 events):
Event: 135.959 Thread 0x0000020343bf1000 15254       1       org.apache.tomcat.util.net.NioEndpoint$NioSocketWrapper::getWriteLatch (5 bytes)
Event: 135.959 Thread 0x0000020343bf1000 nmethod 15254 0x000002032f1ef690 code [0x000002032f1ef840, 0x000002032f1ef8f8]
Event: 135.959 Thread 0x0000020343bf1000 15253       1       org.apache.tomcat.util.net.NioChannel::flush (2 bytes)
Event: 135.959 Thread 0x0000020343bf1000 nmethod 15253 0x000002032f1ef990 code [0x000002032f1efb40, 0x000002032f1efbf8]
Event: 135.959 Thread 0x0000020343bf1000 15255       1       org.apache.tomcat.util.net.SocketWrapperBase::transfer (46 bytes)
Event: 135.960 Thread 0x0000020343bf1000 nmethod 15255 0x000002032f1efc90 code [0x000002032f1efe60, 0x000002032f1effe8]
Event: 135.961 Thread 0x0000020343bf1000 15256       1       org.apache.tomcat.util.net.SocketBufferHandler::configureWriteBufferForWrite (6 bytes)
Event: 135.961 Thread 0x0000020343bf1000 nmethod 15256 0x000002032f1f0110 code [0x000002032f1f02c0, 0x000002032f1f03a8]
Event: 135.963 Thread 0x0000020343bf1000 15257   !   1       sun.nio.ch.SelectorImpl::lockAndDoSelect (87 bytes)
Event: 135.963 Thread 0x0000020343bf1000 nmethod 15257 0x000002032f1f0410 code [0x000002032f1f0620, 0x000002032f1f0c08]
Event: 135.963 Thread 0x0000020343bf1000 15259   !   1       sun.nio.ch.WindowsSelectorImpl::processUpdateQueue (236 bytes)
Event: 135.965 Thread 0x0000020343bf1000 nmethod 15259 0x000002032f1f1010 code [0x000002032f1f12a0, 0x000002032f1f1c08]
Event: 135.965 Thread 0x0000020343bf1000 15258   !   1       sun.nio.ch.WindowsSelectorImpl::doSelect (151 bytes)
Event: 135.966 Thread 0x0000020343bf1000 nmethod 15258 0x000002032f1f2510 code [0x000002032f1f27c0, 0x000002032f1f2fd8]
Event: 135.966 Thread 0x0000020343bf1000 15260       1       sun.nio.ch.WindowsSelectorImpl::adjustThreadsCount (132 bytes)
Event: 135.966 Thread 0x0000020343bf1000 nmethod 15260 0x000002032f1f3590 code [0x000002032f1f37e0, 0x000002032f1f3b98]
Event: 135.966 Thread 0x0000020343bf1000 15261       1       sun.nio.ch.WindowsSelectorImpl$FinishLock::reset (17 bytes)
Event: 135.966 Thread 0x0000020343bf1000 nmethod 15261 0x000002032f1f3d90 code [0x000002032f1f3f40, 0x000002032f1f4028]
Event: 135.966 Thread 0x0000020343bf1000 15262  s    1       sun.nio.ch.WindowsSelectorImpl$StartLock::startThreads (15 bytes)
Event: 135.966 Thread 0x0000020343bf1000 nmethod 15262 0x000002032f1f4110 code [0x000002032f1f42c0, 0x000002032f1f4508]

GC Heap History (20 events):
Event: 72.166 GC heap before
{Heap before GC invocations=27 (full 0):
 garbage-first heap   total 189440K, used 156273K [0x0000000080e00000, 0x0000000100000000)
  region size 1024K, 103 young (105472K), 12 survivors (12288K)
 Metaspace       used 80783K, capacity 83411K, committed 83736K, reserved 1122304K
  class space    used 10587K, capacity 11464K, committed 11544K, reserved 1048576K
}
Event: 72.185 GC heap after
{Heap after GC invocations=28 (full 0):
 garbage-first heap   total 189440K, used 68225K [0x0000000080e00000, 0x0000000100000000)
  region size 1024K, 10 young (10240K), 10 survivors (10240K)
 Metaspace       used 80783K, capacity 83411K, committed 83736K, reserved 1122304K
  class space    used 10587K, capacity 11464K, committed 11544K, reserved 1048576K
}
Event: 75.452 GC heap before
{Heap before GC invocations=28 (full 0):
 garbage-first heap   total 189440K, used 158337K [0x0000000080e00000, 0x0000000100000000)
  region size 1024K, 98 young (100352K), 10 survivors (10240K)
 Metaspace       used 84851K, capacity 87627K, committed 87832K, reserved 1124352K
  class space    used 11071K, capacity 11995K, committed 12056K, reserved 1048576K
}
Event: 75.468 GC heap after
{Heap after GC invocations=29 (full 0):
 garbage-first heap   total 189440K, used 72916K [0x0000000080e00000, 0x0000000100000000)
  region size 1024K, 10 young (10240K), 10 survivors (10240K)
 Metaspace       used 84851K, capacity 87627K, committed 87832K, reserved 1124352K
  class space    used 11071K, capacity 11995K, committed 12056K, reserved 1048576K
}
Event: 76.901 GC heap before
{Heap before GC invocations=29 (full 0):
 garbage-first heap   total 189440K, used 157908K [0x0000000080e00000, 0x0000000100000000)
  region size 1024K, 93 young (95232K), 10 survivors (10240K)
 Metaspace       used 88281K, capacity 91082K, committed 91416K, reserved 1128448K
  class space    used 11527K, capacity 12457K, committed 12568K, reserved 1048576K
}
Event: 76.921 GC heap after
{Heap after GC invocations=30 (full 0):
 garbage-first heap   total 189440K, used 76937K [0x0000000080e00000, 0x0000000100000000)
  region size 1024K, 10 young (10240K), 10 survivors (10240K)
 Metaspace       used 88281K, capacity 91082K, committed 91416K, reserved 1128448K
  class space    used 11527K, capacity 12457K, committed 12568K, reserved 1048576K
}
Event: 80.815 GC heap before
{Heap before GC invocations=30 (full 0):
 garbage-first heap   total 189440K, used 156809K [0x0000000080e00000, 0x0000000100000000)
  region size 1024K, 89 young (91136K), 10 survivors (10240K)
 Metaspace       used 91703K, capacity 94579K, committed 94616K, reserved 1130496K
  class space    used 11958K, capacity 12923K, committed 12952K, reserved 1048576K
}
Event: 80.832 GC heap after
{Heap after GC invocations=31 (full 0):
 garbage-first heap   total 189440K, used 83748K [0x0000000080e00000, 0x0000000100000000)
  region size 1024K, 11 young (11264K), 11 survivors (11264K)
 Metaspace       used 91703K, capacity 94579K, committed 94616K, reserved 1130496K
  class space    used 11958K, capacity 12923K, committed 12952K, reserved 1048576K
}
Event: 81.958 GC heap before
{Heap before GC invocations=31 (full 0):
 garbage-first heap   total 189440K, used 157476K [0x0000000080e00000, 0x0000000100000000)
  region size 1024K, 83 young (84992K), 11 survivors (11264K)
 Metaspace       used 94386K, capacity 97382K, committed 97560K, reserved 1134592K
  class space    used 12285K, capacity 13273K, committed 13336K, reserved 1048576K
}
Event: 81.973 GC heap after
{Heap after GC invocations=32 (full 0):
 garbage-first heap   total 189440K, used 87944K [0x0000000080e00000, 0x0000000100000000)
  region size 1024K, 5 young (5120K), 5 survivors (5120K)
 Metaspace       used 94386K, capacity 97382K, committed 97560K, reserved 1134592K
  class space    used 12285K, capacity 13273K, committed 13336K, reserved 1048576K
}
Event: 83.709 GC heap before
{Heap before GC invocations=32 (full 0):
 garbage-first heap   total 189440K, used 158600K [0x0000000080e00000, 0x0000000100000000)
  region size 1024K, 74 young (75776K), 5 survivors (5120K)
 Metaspace       used 97023K, capacity 100100K, committed 100376K, reserved 1136640K
  class space    used 12683K, capacity 13734K, committed 13848K, reserved 1048576K
}
Event: 83.730 GC heap after
{Heap after GC invocations=33 (full 0):
 garbage-first heap   total 189440K, used 90541K [0x0000000080e00000, 0x0000000100000000)
  region size 1024K, 8 young (8192K), 8 survivors (8192K)
 Metaspace       used 97023K, capacity 100100K, committed 100376K, reserved 1136640K
  class space    used 12683K, capacity 13734K, committed 13848K, reserved 1048576K
}
Event: 84.628 GC heap before
{Heap before GC invocations=33 (full 0):
 garbage-first heap   total 189440K, used 136621K [0x0000000080e00000, 0x0000000100000000)
  region size 1024K, 54 young (55296K), 8 survivors (8192K)
 Metaspace       used 100036K, capacity 103174K, committed 103296K, reserved 1138688K
  class space    used 13089K, capacity 14172K, committed 14232K, reserved 1048576K
}
Event: 84.641 GC heap after
{Heap after GC invocations=34 (full 0):
 garbage-first heap   total 189440K, used 92561K [0x0000000080e00000, 0x0000000100000000)
  region size 1024K, 6 young (6144K), 6 survivors (6144K)
 Metaspace       used 100036K, capacity 103174K, committed 103296K, reserved 1138688K
  class space    used 13089K, capacity 14172K, committed 14232K, reserved 1048576K
}
Event: 86.021 GC heap before
{Heap before GC invocations=35 (full 0):
 garbage-first heap   total 189440K, used 157073K [0x0000000080e00000, 0x0000000100000000)
  region size 1024K, 69 young (70656K), 6 survivors (6144K)
 Metaspace       used 100375K, capacity 103554K, committed 103936K, reserved 1138688K
  class space    used 13163K, capacity 14247K, committed 14360K, reserved 1048576K
}
Event: 86.037 GC heap after
{Heap after GC invocations=36 (full 0):
 garbage-first heap   total 189440K, used 95392K [0x0000000080e00000, 0x0000000100000000)
  region size 1024K, 5 young (5120K), 5 survivors (5120K)
 Metaspace       used 100375K, capacity 103554K, committed 103936K, reserved 1138688K
  class space    used 13163K, capacity 14247K, committed 14360K, reserved 1048576K
}
Event: 86.071 GC heap before
{Heap before GC invocations=36 (full 0):
 garbage-first heap   total 189440K, used 99488K [0x0000000080e00000, 0x0000000100000000)
  region size 1024K, 9 young (9216K), 5 survivors (5120K)
 Metaspace       used 100386K, capacity 103554K, committed 103936K, reserved 1138688K
  class space    used 13165K, capacity 14247K, committed 14360K, reserved 1048576K
}
Event: 86.085 GC heap after
{Heap after GC invocations=37 (full 0):
 garbage-first heap   total 189440K, used 85727K [0x0000000080e00000, 0x0000000100000000)
  region size 1024K, 1 young (1024K), 1 survivors (1024K)
 Metaspace       used 100386K, capacity 103554K, committed 103936K, reserved 1138688K
  class space    used 13165K, capacity 14247K, committed 14360K, reserved 1048576K
}
Event: 86.715 GC heap before
{Heap before GC invocations=37 (full 0):
 garbage-first heap   total 189440K, used 154335K [0x0000000080e00000, 0x0000000100000000)
  region size 1024K, 68 young (69632K), 1 survivors (1024K)
 Metaspace       used 100568K, capacity 103753K, committed 103936K, reserved 1138688K
  class space    used 13198K, capacity 14287K, committed 14360K, reserved 1048576K
}
Event: 86.721 GC heap after
{Heap after GC invocations=38 (full 0):
 garbage-first heap   total 189440K, used 86865K [0x0000000080e00000, 0x0000000100000000)
  region size 1024K, 3 young (3072K), 3 survivors (3072K)
 Metaspace       used 100568K, capacity 103753K, committed 103936K, reserved 1138688K
  class space    used 13198K, capacity 14287K, committed 14360K, reserved 1048576K
}

Deoptimization events (20 events):
Event: 14.088 Thread 0x0000020324a72800 DEOPT PACKING pc=0x000002032de5d294 sp=0x0000009e6ccfe0a0
Event: 14.088 Thread 0x0000020324a72800 DEOPT UNPACKING pc=0x000002032d21a93f sp=0x0000009e6ccfd588 mode 0
Event: 14.517 Thread 0x0000020324a72800 DEOPT PACKING pc=0x000002032d8f828c sp=0x0000009e6ccfe310
Event: 14.517 Thread 0x0000020324a72800 DEOPT UNPACKING pc=0x000002032d21a93f sp=0x0000009e6ccfd7d8 mode 0
Event: 15.403 Thread 0x0000020324a72800 DEOPT PACKING pc=0x000002032dca325c sp=0x0000009e6ccfd800
Event: 15.403 Thread 0x0000020324a72800 DEOPT UNPACKING pc=0x000002032d21a93f sp=0x0000009e6ccfcd08 mode 0
Event: 74.135 Thread 0x0000020324a72800 DEOPT PACKING pc=0x000002032db2ddb7 sp=0x0000009e6ccf96f0
Event: 74.135 Thread 0x0000020324a72800 DEOPT UNPACKING pc=0x000002032d21a93f sp=0x0000009e6ccf8bf8 mode 3
Event: 77.160 Thread 0x0000020347118000 DEOPT PACKING pc=0x000002032da1c34c sp=0x0000009e6edfc770
Event: 77.160 Thread 0x0000020347118000 DEOPT UNPACKING pc=0x000002032d21a93f sp=0x0000009e6edfbc88 mode 0
Event: 81.810 Thread 0x0000020324a72800 DEOPT PACKING pc=0x000002032ee010dc sp=0x0000009e6ccfc850
Event: 81.810 Thread 0x0000020324a72800 DEOPT UNPACKING pc=0x000002032d21a93f sp=0x0000009e6ccfbd48 mode 0
Event: 81.810 Thread 0x0000020324a72800 DEOPT PACKING pc=0x000002032ee440ec sp=0x0000009e6ccfc910
Event: 81.810 Thread 0x0000020324a72800 DEOPT UNPACKING pc=0x000002032d21a93f sp=0x0000009e6ccfbe68 mode 0
Event: 81.811 Thread 0x0000020324a72800 DEOPT PACKING pc=0x000002032ee010dc sp=0x0000009e6ccfde20
Event: 81.811 Thread 0x0000020324a72800 DEOPT UNPACKING pc=0x000002032d21a93f sp=0x0000009e6ccfd318 mode 0
Event: 81.811 Thread 0x0000020324a72800 DEOPT PACKING pc=0x000002032ee440ec sp=0x0000009e6ccfdee0
Event: 81.811 Thread 0x0000020324a72800 DEOPT UNPACKING pc=0x000002032d21a93f sp=0x0000009e6ccfd438 mode 0
Event: 86.402 Thread 0x0000020324a72800 DEOPT PACKING pc=0x000002032ef9709c sp=0x0000009e6ccfd070
Event: 86.402 Thread 0x0000020324a72800 DEOPT UNPACKING pc=0x000002032d21a93f sp=0x0000009e6ccfc520 mode 0

Classes redefined (0 events):
No events

Internal exceptions (20 events):
Event: 86.069 Thread 0x0000020324a72800 Exception <a 'java/lang/ClassNotFoundException'{0x000000008c3b2418}: [Ljava/lang/Long;BeanInfo> (0x000000008c3b2418) thrown at [s\src\hotspot\share\prims\jni.cpp, line 638]
Event: 86.069 Thread 0x0000020324a72800 Exception <a 'java/lang/ClassNotFoundException'{0x000000008c3b29d8}: [Ljava/lang/Long;BeanInfo> (0x000000008c3b29d8) thrown at [s\src\hotspot\share\prims\jni.cpp, line 638]
Event: 86.069 Thread 0x0000020324a72800 Exception <a 'java/lang/ClassNotFoundException'{0x000000008c3b3058}: [Ljava/lang/Long;Customizer> (0x000000008c3b3058) thrown at [s\src\hotspot\share\prims\jni.cpp, line 638]
Event: 86.069 Thread 0x0000020324a72800 Exception <a 'java/lang/ClassNotFoundException'{0x000000008c3b3618}: [Ljava/lang/Long;Customizer> (0x000000008c3b3618) thrown at [s\src\hotspot\share\prims\jni.cpp, line 638]
Event: 86.069 Thread 0x0000020324a72800 Exception <a 'java/lang/ClassNotFoundException'{0x000000008c3ba980}: [Lgreencity/enums/OrderPaymentStatus;BeanInfo> (0x000000008c3ba980) thrown at [s\src\hotspot\share\prims\jni.cpp, line 638]
Event: 86.069 Thread 0x0000020324a72800 Exception <a 'java/lang/ClassNotFoundException'{0x000000008c3baf50}: [Lgreencity/enums/OrderPaymentStatus;BeanInfo> (0x000000008c3baf50) thrown at [s\src\hotspot\share\prims\jni.cpp, line 638]
Event: 86.069 Thread 0x0000020324a72800 Exception <a 'java/lang/ClassNotFoundException'{0x000000008c3bb520}: [Lgreencity/enums/OrderPaymentStatus;BeanInfo> (0x000000008c3bb520) thrown at [s\src\hotspot\share\prims\jni.cpp, line 638]
Event: 86.069 Thread 0x0000020324a72800 Exception <a 'java/lang/ClassNotFoundException'{0x000000008c3bbbd0}: [Lgreencity/enums/OrderPaymentStatus;Customizer> (0x000000008c3bbbd0) thrown at [s\src\hotspot\share\prims\jni.cpp, line 638]
Event: 86.069 Thread 0x0000020324a72800 Exception <a 'java/lang/ClassNotFoundException'{0x000000008c3bc1a0}: [Lgreencity/enums/OrderPaymentStatus;Customizer> (0x000000008c3bc1a0) thrown at [s\src\hotspot\share\prims\jni.cpp, line 638]
Event: 86.069 Thread 0x0000020324a72800 Exception <a 'java/lang/ClassNotFoundException'{0x000000008c3bc770}: [Lgreencity/enums/OrderPaymentStatus;Customizer> (0x000000008c3bc770) thrown at [s\src\hotspot\share\prims\jni.cpp, line 638]
Event: 86.070 Thread 0x0000020324a72800 Exception <a 'java/lang/ClassNotFoundException'{0x000000008c3d4b78}: greencity/filters/DateFilterBeanInfo> (0x000000008c3d4b78) thrown at [s\src\hotspot\share\classfile\systemDictionary.cpp, line 230]
Event: 86.070 Thread 0x0000020324a72800 Exception <a 'java/lang/ClassNotFoundException'{0x000000008c3ea210}: greencity/filters/DateFilterCustomizer> (0x000000008c3ea210) thrown at [s\src\hotspot\share\classfile\systemDictionary.cpp, line 230]
Event: 86.366 Thread 0x0000020324a72800 Exception <a 'java/lang/ClassNotFoundException'{0x000000008ab4c400}: greencity/dto/payment/PaymentResponseDtoBeanInfo> (0x000000008ab4c400) thrown at [s\src\hotspot\share\classfile\systemDictionary.cpp, line 230]
Event: 86.366 Thread 0x0000020324a72800 Exception <a 'java/lang/ClassNotFoundException'{0x000000008ab643a0}: greencity/dto/payment/PaymentResponseDtoCustomizer> (0x000000008ab643a0) thrown at [s\src\hotspot\share\classfile\systemDictionary.cpp, line 230]
Event: 86.539 Thread 0x0000020324a72800 Exception <a 'java/lang/ClassNotFoundException'{0x0000000089ac0848}: greencity/dto/courier/AddingReceivingStationDtoBeanInfo> (0x0000000089ac0848) thrown at [s\src\hotspot\share\classfile\systemDictionary.cpp, line 230]
Event: 86.540 Thread 0x0000020324a72800 Exception <a 'java/lang/ClassNotFoundException'{0x0000000089ad9880}: greencity/dto/courier/AddingReceivingStationDtoCustomizer> (0x0000000089ad9880) thrown at [s\src\hotspot\share\classfile\systemDictionary.cpp, line 230]
Event: 86.658 Thread 0x0000020324a72800 Exception <a 'java/lang/ClassNotFoundException'{0x0000000088ab0ee8}: greencity/filters/TariffsInfoFilterCriteriaBeanInfo> (0x0000000088ab0ee8) thrown at [s\src\hotspot\share\classfile\systemDictionary.cpp, line 230]
Event: 86.658 Thread 0x0000020324a72800 Exception <a 'java/lang/ClassNotFoundException'{0x0000000088ac9c20}: greencity/filters/TariffsInfoFilterCriteriaCustomizer> (0x0000000088ac9c20) thrown at [s\src\hotspot\share\classfile\systemDictionary.cpp, line 230]
Event: 86.841 Thread 0x0000020324a72800 Exception <a 'java/lang/NoSuchMethodError'{0x000000008bc9d7e8}: 'void java.lang.invoke.DirectMethodHandle$Holder.invokeSpecial(java.lang.Object, java.lang.Object)'> (0x000000008bc9d7e8) thrown at [s\src\hotspot\share\interpreter\linkResolver.cpp, line 773]
Event: 86.842 Thread 0x0000020324a72800 Exception <a 'java/lang/NoSuchMethodError'{0x000000008bca3288}: 'java.lang.Object java.lang.invoke.DirectMethodHandle$Holder.newInvokeSpecial(java.lang.Object, int)'> (0x000000008bca3288) thrown at [s\src\hotspot\share\interpreter\linkResolver.cpp, line 773]

Events (20 events):
Event: 135.840 Executing VM operation: RevokeBias done
Event: 135.841 Executing VM operation: RevokeBias
Event: 135.841 Executing VM operation: RevokeBias done
Event: 135.841 Executing VM operation: RevokeBias
Event: 135.842 Executing VM operation: RevokeBias done
Event: 135.849 Executing VM operation: RevokeBias
Event: 135.849 Executing VM operation: RevokeBias done
Event: 135.850 Executing VM operation: RevokeBias
Event: 135.850 Executing VM operation: RevokeBias done
Event: 135.856 Executing VM operation: RevokeBias
Event: 135.856 Executing VM operation: RevokeBias done
Event: 135.873 Executing VM operation: RevokeBias
Event: 135.873 Executing VM operation: RevokeBias done
Event: 135.874 Executing VM operation: RevokeBias
Event: 135.874 Executing VM operation: RevokeBias done
Event: 135.874 Executing VM operation: RevokeBias
Event: 135.874 Executing VM operation: RevokeBias done
Event: 135.945 Executing VM operation: RevokeBias
Event: 135.945 Executing VM operation: RevokeBias done
Event: 135.969 Executing VM operation: BulkRevokeBias


Dynamic libraries:
0x00007ff67da20000 - 0x00007ff67da2d000 	C:\Users\Nazar\.jdks\corretto-11.0.19\bin\java.exe
0x00007ffc11210000 - 0x00007ffc11408000 	C:\WINDOWS\SYSTEM32\ntdll.dll
0x00007ffc0f440000 - 0x00007ffc0f4ff000 	C:\WINDOWS\System32\KERNEL32.DLL
0x00007ffc0ebf0000 - 0x00007ffc0eee6000 	C:\WINDOWS\System32\KERNELBASE.dll
0x00007ffc0eaf0000 - 0x00007ffc0ebf0000 	C:\WINDOWS\System32\ucrtbase.dll
0x00007ffbef390000 - 0x00007ffbef3a9000 	C:\Users\Nazar\.jdks\corretto-11.0.19\bin\VCRUNTIME140.dll
0x00007ffc00b40000 - 0x00007ffc00b57000 	C:\Users\Nazar\.jdks\corretto-11.0.19\bin\jli.dll
0x00007ffc10bf0000 - 0x00007ffc10d8d000 	C:\WINDOWS\System32\USER32.dll
0x00007ffc0ea90000 - 0x00007ffc0eab2000 	C:\WINDOWS\System32\win32u.dll
0x00007ffc0f700000 - 0x00007ffc0f72c000 	C:\WINDOWS\System32\GDI32.dll
0x00007ffc0f150000 - 0x00007ffc0f265000 	C:\WINDOWS\System32\gdi32full.dll
0x00007ffc0e980000 - 0x00007ffc0ea1d000 	C:\WINDOWS\System32\msvcp_win.dll
0x00007ffbf3570000 - 0x00007ffbf380a000 	C:\WINDOWS\WinSxS\amd64_microsoft.windows.common-controls_6595b64144ccf1df_6.0.19041.1110_none_60b5254171f9507e\COMCTL32.dll
0x00007ffc106b0000 - 0x00007ffc1074e000 	C:\WINDOWS\System32\msvcrt.dll
0x00007ffc10bc0000 - 0x00007ffc10bf0000 	C:\WINDOWS\System32\IMM32.DLL
0x00007ffbdc4c0000 - 0x00007ffbdc55b000 	C:\Users\Nazar\.jdks\corretto-11.0.19\bin\msvcp140.dll
0x00007ffbc5b10000 - 0x00007ffbc669a000 	C:\Users\Nazar\.jdks\corretto-11.0.19\bin\server\jvm.dll
0x00007ffc10180000 - 0x00007ffc1022f000 	C:\WINDOWS\System32\ADVAPI32.dll
0x00007ffc100e0000 - 0x00007ffc1017c000 	C:\WINDOWS\System32\sechost.dll
0x00007ffc10390000 - 0x00007ffc104b6000 	C:\WINDOWS\System32\RPCRT4.dll
0x00007ffc10e60000 - 0x00007ffc10e68000 	C:\WINDOWS\System32\PSAPI.DLL
0x00007ffc00a60000 - 0x00007ffc00a69000 	C:\WINDOWS\SYSTEM32\WSOCK32.dll
0x00007ffc10df0000 - 0x00007ffc10e5b000 	C:\WINDOWS\System32\WS2_32.dll
0x00007ffc043f0000 - 0x00007ffc04417000 	C:\WINDOWS\SYSTEM32\WINMM.dll
0x00007ffc091b0000 - 0x00007ffc091ba000 	C:\WINDOWS\SYSTEM32\VERSION.dll
0x00007ffc0c7c0000 - 0x00007ffc0c7d2000 	C:\WINDOWS\SYSTEM32\kernel.appcore.dll
0x00007ffc01450000 - 0x00007ffc01460000 	C:\Users\Nazar\.jdks\corretto-11.0.19\bin\verify.dll
0x00007ffc08690000 - 0x00007ffc08874000 	C:\WINDOWS\SYSTEM32\DBGHELP.DLL
0x00007ffc083d0000 - 0x00007ffc08404000 	C:\WINDOWS\SYSTEM32\dbgcore.DLL
0x00007ffc0e8f0000 - 0x00007ffc0e972000 	C:\WINDOWS\System32\bcryptPrimitives.dll
0x00007ffbef180000 - 0x00007ffbef1a8000 	C:\Users\Nazar\.jdks\corretto-11.0.19\bin\java.dll
0x00007ffc013e0000 - 0x00007ffc013ea000 	C:\Users\Nazar\.jdks\corretto-11.0.19\bin\jimage.dll
0x00007ffc08040000 - 0x00007ffc0804e000 	C:\Users\Nazar\.jdks\corretto-11.0.19\bin\instrument.dll
0x00007ffbedf30000 - 0x00007ffbedf48000 	C:\Users\Nazar\.jdks\corretto-11.0.19\bin\zip.dll
0x00007ffc0f7e0000 - 0x00007ffc0ff24000 	C:\WINDOWS\System32\SHELL32.dll
0x00007ffc0c9c0000 - 0x00007ffc0d153000 	C:\WINDOWS\SYSTEM32\windows.storage.dll
0x00007ffc10e70000 - 0x00007ffc111c4000 	C:\WINDOWS\System32\combase.dll
0x00007ffc0e260000 - 0x00007ffc0e28e000 	C:\WINDOWS\SYSTEM32\Wldp.dll
0x00007ffc0f730000 - 0x00007ffc0f7dd000 	C:\WINDOWS\System32\SHCORE.dll
0x00007ffc10240000 - 0x00007ffc10295000 	C:\WINDOWS\System32\shlwapi.dll
0x00007ffc0e830000 - 0x00007ffc0e84f000 	C:\WINDOWS\SYSTEM32\profapi.dll
0x00007ffbedf10000 - 0x00007ffbedf29000 	C:\Users\Nazar\.jdks\corretto-11.0.19\bin\net.dll
0x00007ffc089f0000 - 0x00007ffc08afa000 	C:\WINDOWS\SYSTEM32\WINHTTP.dll
0x00007ffc0dfc0000 - 0x00007ffc0e02a000 	C:\WINDOWS\system32\mswsock.dll
0x00007ffbedef0000 - 0x00007ffbedf03000 	C:\Users\Nazar\.jdks\corretto-11.0.19\bin\nio.dll
0x00007ffbefc80000 - 0x00007ffbefc9a000 	C:\Users\Nazar\AppData\Local\JetBrains\IntelliJ IDEA 2023.1.1\bin\breakgen64.dll
0x00007ffc0dd40000 - 0x00007ffc0de0a000 	C:\WINDOWS\SYSTEM32\DNSAPI.dll
0x00007ffc0dcb0000 - 0x00007ffc0dcec000 	C:\WINDOWS\SYSTEM32\IPHLPAPI.DLL
0x00007ffc0f270000 - 0x00007ffc0f278000 	C:\WINDOWS\System32\NSI.dll
0x0000000076af0000 - 0x0000000076b16000 	C:\Program Files\Bonjour\mdnsNSP.dll
0x00007ffc06930000 - 0x00007ffc0693a000 	C:\Windows\System32\rasadhlp.dll
0x00007ffc060b0000 - 0x00007ffc06132000 	C:\WINDOWS\System32\fwpuclnt.dll
0x00007ffc0eac0000 - 0x00007ffc0eae7000 	C:\WINDOWS\System32\bcrypt.dll
0x00007ffc08030000 - 0x00007ffc08039000 	C:\Users\Nazar\.jdks\corretto-11.0.19\bin\management.dll
0x00007ffc08020000 - 0x00007ffc0802b000 	C:\Users\Nazar\.jdks\corretto-11.0.19\bin\management_ext.dll
0x00007ffc0e1c0000 - 0x00007ffc0e1d8000 	C:\WINDOWS\SYSTEM32\CRYPTSP.dll
0x00007ffc0d8e0000 - 0x00007ffc0d914000 	C:\WINDOWS\system32\rsaenh.dll
0x00007ffc0e7b0000 - 0x00007ffc0e7de000 	C:\WINDOWS\SYSTEM32\USERENV.dll
0x00007ffc0e1b0000 - 0x00007ffc0e1bc000 	C:\WINDOWS\SYSTEM32\CRYPTBASE.dll
0x00007ffc09710000 - 0x00007ffc09727000 	C:\WINDOWS\SYSTEM32\dhcpcsvc6.DLL
0x00007ffc09580000 - 0x00007ffc0959d000 	C:\WINDOWS\SYSTEM32\dhcpcsvc.DLL
0x00007ffbf19d0000 - 0x00007ffbf19e7000 	C:\WINDOWS\system32\napinsp.dll
0x00007ffbf1970000 - 0x00007ffbf198b000 	C:\WINDOWS\system32\pnrpnsp.dll
0x00007ffbf1950000 - 0x00007ffbf1965000 	C:\WINDOWS\system32\wshbth.dll
0x00007ffc09c30000 - 0x00007ffc09c4d000 	C:\WINDOWS\system32\NLAapi.dll
0x00007ffbf1930000 - 0x00007ffbf1942000 	C:\WINDOWS\System32\winrnr.dll
0x00007ffc01840000 - 0x00007ffc0184e000 	C:\Users\Nazar\.jdks\corretto-11.0.19\bin\sunmscapi.dll
0x00007ffc0eef0000 - 0x00007ffc0f04e000 	C:\WINDOWS\System32\CRYPT32.dll
0x00007ffc0e2d0000 - 0x00007ffc0e2f8000 	C:\WINDOWS\SYSTEM32\ncrypt.dll
0x00007ffc0e290000 - 0x00007ffc0e2cb000 	C:\WINDOWS\SYSTEM32\NTASN1.dll
0x00007ffbed9b0000 - 0x00007ffbed9d5000 	C:\Users\Nazar\.jdks\corretto-11.0.19\bin\sunec.dll

dbghelp: loaded successfully - version: 4.0.5 - missing functions: none
symbol engine: initialized successfully - sym options: 0x614 - pdb path: .;C:\Users\Nazar\.jdks\corretto-11.0.19\bin;C:\WINDOWS\SYSTEM32;C:\WINDOWS\WinSxS\amd64_microsoft.windows.common-controls_6595b64144ccf1df_6.0.19041.1110_none_60b5254171f9507e;C:\Users\Nazar\.jdks\corretto-11.0.19\bin\server;C:\Users\Nazar\AppData\Local\JetBrains\IntelliJ IDEA 2023.1.1\bin;C:\Program Files\Bonjour

VM Arguments:
jvm_args: -XX:TieredStopAtLevel=1 -Xverify:none -Dspring.output.ansi.enabled=always -Dcom.sun.management.jmxremote -Dspring.jmx.enabled=true -Dspring.liveBeansView.mbeanDomain -Dspring.application.admin.enabled=true -Dmanagement.endpoints.jmx.exposure.include=* -javaagent:C:\Users\Nazar\AppData\Local\JetBrains\IntelliJ IDEA 2023.1.1\lib\idea_rt.jar=52592:C:\Users\Nazar\AppData\Local\JetBrains\IntelliJ IDEA 2023.1.1\bin -Dfile.encoding=UTF-8 
java_command: greencity.UbsApplication
java_class_path (initial): E:\Green City UBS\core\target\classes;C:\Users\Nazar\.m2\repository\org\liquibase\liquibase-maven-plugin\3.8.4\liquibase-maven-plugin-3.8.4.jar;C:\Users\Nazar\.m2\repository\org\apache\maven\maven-plugin-api\2.0\maven-plugin-api-2.0.jar;C:\Users\Nazar\.m2\repository\org\apache\maven\maven-project\2.0\maven-project-2.0.jar;C:\Users\Nazar\.m2\repository\org\apache\maven\maven-profile\2.0\maven-profile-2.0.jar;C:\Users\Nazar\.m2\repository\org\apache\maven\maven-model\2.0\maven-model-2.0.jar;C:\Users\Nazar\.m2\repository\org\apache\maven\maven-artifact-manager\2.0\maven-artifact-manager-2.0.jar;C:\Users\Nazar\.m2\repository\org\apache\maven\maven-repository-metadata\2.0\maven-repository-metadata-2.0.jar;C:\Users\Nazar\.m2\repository\org\apache\maven\wagon\wagon-provider-api\1.0-alpha-5\wagon-provider-api-1.0-alpha-5.jar;C:\Users\Nazar\.m2\repository\org\codehaus\plexus\plexus-utils\1.0.4\plexus-utils-1.0.4.jar;C:\Users\Nazar\.m2\repository\org\apache\maven\maven-artifact\2.0\maven-artifact-2.0.jar;C:\Users\Nazar\.m2\repository\org\codehaus\plexus\plexus-container-default\1.0-alpha-8\plexus-container-default-1.0-alpha-8.jar;C:\Users\Nazar\.m2\repository\classworlds\classworlds\1.1-alpha-2\classworlds-1.1-alpha-2.jar;C:\Users\Nazar\.m2\repository\org\liquibase\liquibase-core\3.8.4\liquibase-core-3.8.4.jar;C:\Users\Nazar\.m2\repository\org\slf4j\slf4j-api\1.7.26\slf4j-api-1.7.26.jar;C:\Users\Nazar\.m2\repository\ch\qos\logback\logback-classic\1.2.3\logback-classic-1.2.3.jar;C:\Users\Nazar\.m2\repository\ch\qos\logback\logback-core\1.2.3\logback-core-1.2.3.jar;E:\Green City UBS\service-api\target\classes;C:\Users\Nazar\.m2\repository\org\apache\commons\commons-collections4\4.4\commons-collections4-4.4.jar;C:\Users\Nazar\.m2\repository\org\projectlombok\lombok\1.18.8\lombok-1.18.8.jar;C:\Users\Nazar\.m2\repository\org\apache\tomcat\embed\tomcat-embed-core\9.0.22\tomcat-embed-core-9.0.22.jar;C:\Users\Nazar\.m2\repository\org\apache\tomcat\tomcat-
Launcher Type: SUN_STANDARD

[Global flags]
     bool BytecodeVerificationLocal                = false                                     {product} {command line}
     bool BytecodeVerificationRemote               = false                                     {product} {command line}
     intx CICompilerCount                          = 3                                         {product} {ergonomic}
     uint ConcGCThreads                            = 1                                         {product} {ergonomic}
     uint G1ConcRefinementThreads                  = 4                                         {product} {ergonomic}
   size_t G1HeapRegionSize                         = 1048576                                   {product} {ergonomic}
    uintx GCDrainStackTargetSize                   = 64                                        {product} {ergonomic}
   size_t InitialHeapSize                          = 134217728                                 {product} {ergonomic}
     bool ManagementServer                         = true                                      {product} {command line}
   size_t MarkStackSize                            = 4194304                                   {product} {ergonomic}
   size_t MaxHeapSize                              = 2132803584                                {product} {ergonomic}
   size_t MaxNewSize                               = 1279262720                                {product} {ergonomic}
   size_t MinHeapDeltaBytes                        = 1048576                                   {product} {ergonomic}
    uintx NonNMethodCodeHeapSize                   = 6973028                                {pd product} {ergonomic}
    uintx NonProfiledCodeHeapSize                  = 244685212                              {pd product} {ergonomic}
    uintx ProfiledCodeHeapSize                     = 0                                      {pd product} {ergonomic}
    uintx ReservedCodeCacheSize                    = 251658240                              {pd product} {ergonomic}
     bool SegmentedCodeCache                       = true                                      {product} {ergonomic}
     intx TieredStopAtLevel                        = 1                                         {product} {command line}
     bool UseCompressedClassPointers               = true                                 {lp64_product} {ergonomic}
     bool UseCompressedOops                        = true                                 {lp64_product} {ergonomic}
     bool UseG1GC                                  = true                                      {product} {ergonomic}
     bool UseLargePagesIndividualAllocation        = false                                  {pd product} {ergonomic}

Logging:
Log output configuration:
 #0: stdout all=warning uptime,level,tags
 #1: stderr all=off uptime,level,tags

Environment Variables:
PATH=C:\Program Files (x86)\NVIDIA Corporation\PhysX\Common;C:\Program Files (x86)\Common Files\Oracle\Java\javapath;C:\ProgramData\Oracle\Java\javapath;C:\Windows\system32;C:\Windows;C:\Windows\System32\Wbem;C:\Windows\System32\WindowsPowerShell\v1.0\;C:\Windows\System32\OpenSSH\;C:\WINDOWS\system32;C:\WINDOWS;C:\WINDOWS\System32\Wbem;C:\WINDOWS\System32\WindowsPowerShell\v1.0\;C:\WINDOWS\System32\OpenSSH\;C:\Program Files\MATLAB\R2021b\bin;C:\Program Files (x86)\Windows Kits\8.1\Windows Performance Toolkit\;C:\Program Files\Git\cmd;E:\node js\;C:\Program Files\MySQL\MySQL Shell 8.0\bin\;C:\WINDOWS\system32\config\systemprofile\AppData\Local\Microsoft\WindowsApps;E:\Game\Microsoft VS Code\bin;C:\Users\Nazar\AppData\Roaming\npm;E:\ \google-cloud-sdk\bin;E:\lens\resources\cli\bin
USERNAME=Nazar
OS=Windows_NT
PROCESSOR_IDENTIFIER=Intel64 Family 6 Model 158 Stepping 9, GenuineIntel
TMP=C:\Users\Nazar\AppData\Local\Temp
TEMP=C:\Users\Nazar\AppData\Local\Temp



---------------  S Y S T E M  ---------------

OS: Windows 10 , 64 bit Build 19041 (10.0.19041.3031)
OS uptime: 0 days 3:43 hours

CPU:total 4 (initial active 4) (2 cores per cpu, 2 threads per core) family 6 model 158 stepping 9 microcode 0xb4, cmov, cx8, fxsr, mmx, sse, sse2, sse3, ssse3, sse4.1, sse4.2, popcnt, aes, clmul, erms, 3dnowpref, lzcnt, ht, tsc, tscinvbit

Memory: 4k page, system-wide physical 8132M (572M free)
TotalPageFile size 32708M (AvailPageFile size 251M)
current process WorkingSet (physical memory assigned to process): 391M, peak: 392M
current process commit charge ("private bytes"): 434M, peak: 434M

vm_info: OpenJDK 64-Bit Server VM (11.0.19+7-LTS) for windows-amd64 JRE (11.0.19+7-LTS), built on Apr 13 2023 22:56:25 by "Administrator" with MS VC++ 15.9 (VS2017)

END.
